#! /c/iverilog/bin/vvp
:ivl_version "12.0 (devel)" "(s20150603-965-g55e06db6)";
:ivl_delay_selection "TYPICAL";
:vpi_time_precision + 0;
:vpi_module "C:\iverilog\lib\ivl\system.vpi";
:vpi_module "C:\iverilog\lib\ivl\vhdl_sys.vpi";
:vpi_module "C:\iverilog\lib\ivl\vhdl_textio.vpi";
:vpi_module "C:\iverilog\lib\ivl\v2005_math.vpi";
:vpi_module "C:\iverilog\lib\ivl\va_math.vpi";
S_0000000001164e90 .scope module, "tb_processor" "tb_processor" 2 3;
 .timescale 0 0;
P_000000000123c150 .param/l "CLK_PERIOD" 1 2 13, +C4<00000000000000000000000000001010>;
v00000000012d6b10_0 .var "clk", 0 0;
v00000000012d6bb0_0 .var "reset_n", 0 0;
S_0000000001269a80 .scope module, "dut" "top" 2 8, 3 1 0, S_0000000001164e90;
 .timescale 0 0;
    .port_info 0 /INPUT 1 "clk";
    .port_info 1 /INPUT 1 "reset_n";
    .port_info 2 /OUTPUT 5 "leds";
    .port_info 3 /OUTPUT 1 "uart_tx";
P_000000000123c590 .param/str "MEM_FILE" 0 3 8, "C:/Users/karun/Downloads/socv3/picoSoC_v3/firmware/firmware.hex";
L_0000000001264f30 .functor AND 1, L_0000000001340170, L_0000000001263db0, C4<1>, C4<1>;
L_0000000001263870 .functor AND 4, L_00000000012d7f10, L_0000000001265320, C4<1111>, C4<1111>;
L_0000000001265630 .functor AND 1, L_000000000133fd80, L_00000000013331b0, C4<1>, C4<1>;
L_00000000012656a0 .functor AND 1, L_000000000133fd80, L_0000000001263db0, C4<1>, C4<1>;
L_0000000001340020 .functor AND 1, L_000000000133f990, L_0000000001336270, C4<1>, C4<1>;
L_0000000001340870 .functor AND 1, L_000000000133f990, L_0000000001263db0, C4<1>, C4<1>;
L_00000000012db510 .functor BUFT 1, C4<0000>, C4<0>, C4<0>, C4<0>;
v00000000012d5e90_0 .net/2u *"_ivl_14", 3 0, L_00000000012db510;  1 drivers
v00000000012d5c10_0 .net *"_ivl_17", 27 0, L_0000000001332fd0;  1 drivers
v00000000012d6430_0 .net *"_ivl_2", 3 0, L_00000000012d7f10;  1 drivers
v00000000012d6610_0 .net *"_ivl_21", 0 0, L_00000000013331b0;  1 drivers
L_00000000012db558 .functor BUFT 1, C4<0000>, C4<0>, C4<0>, C4<0>;
v00000000012d6250_0 .net/2u *"_ivl_24", 3 0, L_00000000012db558;  1 drivers
v00000000012d6e30_0 .net *"_ivl_27", 27 0, L_00000000013332f0;  1 drivers
L_00000000012db948 .functor BUFT 1, C4<0000>, C4<0>, C4<0>, C4<0>;
v00000000012d6110_0 .net/2u *"_ivl_34", 3 0, L_00000000012db948;  1 drivers
v00000000012d5a30_0 .net *"_ivl_37", 27 0, L_00000000013369f0;  1 drivers
v00000000012d5990_0 .net *"_ivl_41", 0 0, L_0000000001336270;  1 drivers
L_00000000012db990 .functor BUFT 1, C4<0000>, C4<0>, C4<0>, C4<0>;
v00000000012d58f0_0 .net/2u *"_ivl_44", 3 0, L_00000000012db990;  1 drivers
v00000000012d6890_0 .net *"_ivl_47", 27 0, L_0000000001335a50;  1 drivers
v00000000012d57b0_0 .net "clk", 0 0, v00000000012d6b10_0;  1 drivers
v00000000012d5fd0_0 .net "leds", 4 0, L_0000000001332df0;  1 drivers
v00000000012d4a90_0 .net "mem_addr", 31 0, L_000000000133a690;  1 drivers
v00000000012d5850_0 .net "mem_rdata", 31 0, v0000000001267170_0;  1 drivers
v00000000012d4d10_0 .net "mem_rstrb", 0 0, L_0000000001263db0;  1 drivers
v00000000012d4ef0_0 .net "mem_wdata", 31 0, L_0000000001332c10;  1 drivers
v00000000012d4f90_0 .net "mem_wstrb", 3 0, L_0000000001265320;  1 drivers
v00000000012d6070_0 .var "processor_rdata", 31 0;
v00000000012d5170_0 .net "rdata_gpio", 31 0, L_00000000012654e0;  1 drivers
v00000000012d5490_0 .net "rdata_uart", 31 0, L_0000000001194bc0;  1 drivers
v00000000012d61b0_0 .net "reset_n", 0 0, v00000000012d6bb0_0;  1 drivers
v00000000012d6390_0 .net "s0_sel_mem", 0 0, L_0000000001340170;  1 drivers
v00000000012d66b0_0 .net "s1_sel_gpio", 0 0, L_000000000133fd80;  1 drivers
v00000000012d6930_0 .net "s2_sel_uart", 0 0, L_000000000133f990;  1 drivers
v00000000012d69d0_0 .net "uart_tx", 0 0, L_0000000001340790;  1 drivers
E_000000000123bb50/0 .event edge, v0000000001265e10_0, v0000000001265d70_0, v0000000001265f50_0, v0000000001267170_0;
E_000000000123bb50/1 .event edge, v0000000001266d10_0, v00000000012d1620_0;
E_000000000123bb50 .event/or E_000000000123bb50/0, E_000000000123bb50/1;
L_00000000012d7f10 .concat [ 1 1 1 1], L_0000000001340170, L_0000000001340170, L_0000000001340170, L_0000000001340170;
L_00000000013328f0 .reduce/nor v00000000012d6bb0_0;
L_0000000001332df0 .part L_0000000001265470, 0, 5;
L_0000000001332fd0 .part L_000000000133a690, 0, 28;
L_0000000001333110 .concat [ 28 4 0 0], L_0000000001332fd0, L_00000000012db510;
L_00000000013331b0 .reduce/or L_0000000001265320;
L_00000000013332f0 .part L_000000000133a690, 0, 28;
L_0000000001333610 .concat [ 28 4 0 0], L_00000000013332f0, L_00000000012db558;
L_0000000001337210 .reduce/nor v00000000012d6bb0_0;
L_00000000013369f0 .part L_000000000133a690, 0, 28;
L_0000000001335c30 .concat [ 28 4 0 0], L_00000000013369f0, L_00000000012db948;
L_0000000001336270 .reduce/or L_0000000001265320;
L_0000000001335a50 .part L_000000000133a690, 0, 28;
L_00000000013372b0 .concat [ 28 4 0 0], L_0000000001335a50, L_00000000012db990;
S_00000000011e5160 .scope module, "D_mem_unit" "Memory" 3 38, 4 1 0, S_0000000001269a80;
 .timescale 0 0;
    .port_info 0 /INPUT 1 "clk";
    .port_info 1 /INPUT 32 "mem_addr";
    .port_info 2 /OUTPUT 32 "mem_rdata";
    .port_info 3 /INPUT 1 "mem_rstrb";
    .port_info 4 /INPUT 32 "mem_wdata";
    .port_info 5 /INPUT 4 "mem_wmask";
P_00000000011cfbf0 .param/str "MEM_FILE" 0 4 1, "C:/Users/karun/Downloads/socv3/picoSoC_v3/firmware/firmware.hex";
P_00000000011cfc28 .param/l "SIZE" 0 4 2, +C4<00000000000000000000010000000000>;
v00000000012670d0 .array "MEM", 1023 0, 31 0;
v0000000001267030_0 .net "clk", 0 0, v00000000012d6b10_0;  alias, 1 drivers
v00000000012663b0_0 .var/i "i", 31 0;
v00000000012669f0_0 .net "mem_addr", 31 0, L_000000000133a690;  alias, 1 drivers
v0000000001267170_0 .var "mem_rdata", 31 0;
v00000000012661d0_0 .net "mem_rstrb", 0 0, L_0000000001264f30;  1 drivers
v00000000012677b0_0 .net "mem_wdata", 31 0, L_0000000001332c10;  alias, 1 drivers
v0000000001265910_0 .net "mem_wmask", 3 0, L_0000000001263870;  1 drivers
v00000000012664f0_0 .net "word_addr", 29 0, L_00000000012d7970;  1 drivers
E_000000000123be10 .event posedge, v0000000001267030_0;
L_00000000012d7970 .part L_000000000133a690, 2, 30;
S_00000000011e52f0 .scope module, "dv_sel" "device_select" 3 99, 5 1 0, S_0000000001269a80;
 .timescale 0 0;
    .port_info 0 /INPUT 32 "addr";
    .port_info 1 /OUTPUT 1 "s0_sel_mem";
    .port_info 2 /OUTPUT 1 "s1_sel_gpio";
    .port_info 3 /OUTPUT 1 "s2_sel_uart";
L_0000000001340170 .functor BUFZ 1, L_0000000001335e10, C4<0>, C4<0>, C4<0>;
L_000000000133fd80 .functor BUFZ 1, L_0000000001335190, C4<0>, C4<0>, C4<0>;
L_000000000133f990 .functor BUFZ 1, L_00000000013359b0, C4<0>, C4<0>, C4<0>;
v0000000001266a90_0 .net *"_ivl_1", 3 0, L_0000000001337350;  1 drivers
v0000000001267710_0 .net *"_ivl_13", 3 0, L_0000000001335f50;  1 drivers
L_00000000012dba68 .functor BUFT 1, C4<0101>, C4<0>, C4<0>, C4<0>;
v0000000001267210_0 .net/2u *"_ivl_14", 3 0, L_00000000012dba68;  1 drivers
L_00000000012db9d8 .functor BUFT 1, C4<0000>, C4<0>, C4<0>, C4<0>;
v00000000012659b0_0 .net/2u *"_ivl_2", 3 0, L_00000000012db9d8;  1 drivers
v0000000001265cd0_0 .net *"_ivl_7", 3 0, L_0000000001335050;  1 drivers
L_00000000012dba20 .functor BUFT 1, C4<0100>, C4<0>, C4<0>, C4<0>;
v0000000001265a50_0 .net/2u *"_ivl_8", 3 0, L_00000000012dba20;  1 drivers
v0000000001265b90_0 .net "addr", 31 0, L_000000000133a690;  alias, 1 drivers
v0000000001267350_0 .net "gpio_space", 0 0, L_0000000001335190;  1 drivers
v0000000001266630_0 .net "mem_space", 0 0, L_0000000001335e10;  1 drivers
v0000000001265f50_0 .net "s0_sel_mem", 0 0, L_0000000001340170;  alias, 1 drivers
v0000000001265d70_0 .net "s1_sel_gpio", 0 0, L_000000000133fd80;  alias, 1 drivers
v0000000001265e10_0 .net "s2_sel_uart", 0 0, L_000000000133f990;  alias, 1 drivers
v0000000001266590_0 .net "uart_space", 0 0, L_00000000013359b0;  1 drivers
L_0000000001337350 .part L_000000000133a690, 28, 4;
L_0000000001335e10 .cmp/eq 4, L_0000000001337350, L_00000000012db9d8;
L_0000000001335050 .part L_000000000133a690, 28, 4;
L_0000000001335190 .cmp/eq 4, L_0000000001335050, L_00000000012dba20;
L_0000000001335f50 .part L_000000000133a690, 28, 4;
L_00000000013359b0 .cmp/eq 4, L_0000000001335f50, L_00000000012dba68;
S_00000000011e5480 .scope module, "gpio_unit" "gpio_ip" 3 59, 6 3 0, S_0000000001269a80;
 .timescale 0 0;
    .port_info 0 /INPUT 1 "clk";
    .port_info 1 /INPUT 1 "rst";
    .port_info 2 /OUTPUT 32 "csr_gpio_0_data_out";
    .port_info 3 /INPUT 32 "waddr";
    .port_info 4 /INPUT 32 "wdata";
    .port_info 5 /INPUT 1 "wen";
    .port_info 6 /INPUT 4 "wstrb";
    .port_info 7 /OUTPUT 1 "wready";
    .port_info 8 /INPUT 32 "raddr";
    .port_info 9 /INPUT 1 "ren";
    .port_info 10 /OUTPUT 32 "rdata";
    .port_info 11 /OUTPUT 1 "rvalid";
P_00000000011e1530 .param/l "ADDR_W" 0 6 4, +C4<00000000000000000000000000100000>;
P_00000000011e1568 .param/l "DATA_W" 0 6 5, +C4<00000000000000000000000000100000>;
P_00000000011e15a0 .param/l "STRB_W" 0 6 6, +C4<00000000000000000000000000000100>;
L_0000000001265710 .functor AND 1, L_0000000001265630, L_0000000001334f10, C4<1>, C4<1>;
L_0000000001265550 .functor AND 1, L_00000000012656a0, L_0000000001334fb0, C4<1>, C4<1>;
L_0000000001265400 .functor BUFZ 32, v0000000001266310_0, C4<00000000000000000000000000000000>, C4<00000000000000000000000000000000>, C4<00000000000000000000000000000000>;
L_0000000001265470 .functor BUFZ 32, v0000000001266310_0, C4<00000000000000000000000000000000>, C4<00000000000000000000000000000000>, C4<00000000000000000000000000000000>;
L_00000000012654e0 .functor BUFZ 32, v0000000001266b30_0, C4<00000000000000000000000000000000>, C4<00000000000000000000000000000000>, C4<00000000000000000000000000000000>;
L_00000000012655c0 .functor BUFZ 1, v000000000124da20_0, C4<0>, C4<0>, C4<0>;
L_00000000012db438 .functor BUFT 1, C4<00000000000000000000000000000000>, C4<0>, C4<0>, C4<0>;
v00000000012673f0_0 .net/2u *"_ivl_0", 31 0, L_00000000012db438;  1 drivers
v0000000001266bd0_0 .net *"_ivl_2", 0 0, L_0000000001334f10;  1 drivers
L_00000000012db480 .functor BUFT 1, C4<00000000000000000000000000000000>, C4<0>, C4<0>, C4<0>;
v0000000001265ff0_0 .net/2u *"_ivl_6", 31 0, L_00000000012db480;  1 drivers
v0000000001266270_0 .net *"_ivl_8", 0 0, L_0000000001334fb0;  1 drivers
v0000000001266090_0 .net "clk", 0 0, v00000000012d6b10_0;  alias, 1 drivers
v0000000001266310_0 .var "csr_gpio_0_data_ff", 31 0;
v00000000012666d0_0 .net "csr_gpio_0_data_out", 31 0, L_0000000001265470;  1 drivers
v0000000001266c70_0 .net "csr_gpio_0_rdata", 31 0, L_0000000001265400;  1 drivers
v0000000001267490_0 .net "csr_gpio_0_ren", 0 0, L_0000000001265550;  1 drivers
v0000000001266130_0 .var "csr_gpio_0_ren_ff", 0 0;
v0000000001266810_0 .net "csr_gpio_0_wen", 0 0, L_0000000001265710;  1 drivers
v00000000012668b0_0 .net "raddr", 31 0, L_0000000001333610;  1 drivers
v0000000001266d10_0 .net "rdata", 31 0, L_00000000012654e0;  alias, 1 drivers
v0000000001266b30_0 .var "rdata_ff", 31 0;
v0000000001266e50_0 .net "ren", 0 0, L_00000000012656a0;  1 drivers
v0000000001266f90_0 .net "rst", 0 0, L_00000000013328f0;  1 drivers
v000000000124d700_0 .net "rvalid", 0 0, L_00000000012655c0;  1 drivers
v000000000124da20_0 .var "rvalid_ff", 0 0;
v000000000124db60_0 .net "waddr", 31 0, L_0000000001333110;  1 drivers
v000000000124dc00_0 .net "wdata", 31 0, L_0000000001332c10;  alias, 1 drivers
v000000000124d0c0_0 .net "wen", 0 0, L_0000000001265630;  1 drivers
L_00000000012db4c8 .functor BUFT 1, C4<1>, C4<0>, C4<0>, C4<0>;
v000000000124dd40_0 .net "wready", 0 0, L_00000000012db4c8;  1 drivers
v000000000124e2e0_0 .net "wstrb", 3 0, L_0000000001265320;  alias, 1 drivers
L_0000000001334f10 .cmp/eq 32, L_0000000001333110, L_00000000012db438;
L_0000000001334fb0 .cmp/eq 32, L_0000000001333610, L_00000000012db480;
S_00000000011d74f0 .scope module, "processor" "FemtoRV32" 3 47, 7 38 0, S_0000000001269a80;
 .timescale 0 0;
    .port_info 0 /INPUT 1 "clk";
    .port_info 1 /OUTPUT 32 "mem_addr";
    .port_info 2 /OUTPUT 32 "mem_wdata";
    .port_info 3 /OUTPUT 4 "mem_wmask";
    .port_info 4 /INPUT 32 "mem_rdata";
    .port_info 5 /OUTPUT 1 "mem_rstrb";
    .port_info 6 /INPUT 1 "mem_rbusy";
    .port_info 7 /INPUT 1 "mem_wbusy";
    .port_info 8 /INPUT 1 "reset";
P_00000000011d7680 .param/l "ADDR_WIDTH" 0 7 53, +C4<00000000000000000000000000100000>;
P_00000000011d76b8 .param/l "EXECUTE" 1 7 317, +C4<0000000000000000000000000000000100>;
P_00000000011d76f0 .param/l "EXECUTE_bit" 1 7 311, +C4<00000000000000000000000000000010>;
P_00000000011d7728 .param/l "FETCH_INSTR" 1 7 315, +C4<00000000000000000000000000000001>;
P_00000000011d7760 .param/l "FETCH_INSTR_bit" 1 7 309, +C4<00000000000000000000000000000000>;
P_00000000011d7798 .param/l "NB_STATES" 1 7 313, +C4<00000000000000000000000000000100>;
P_00000000011d77d0 .param/l "RESET_ADDR" 0 7 52, C4<00000000000000000000000000000000>;
P_00000000011d7808 .param/l "WAIT_ALU_OR_MEM" 1 7 318, +C4<00000000000000000000000000000001000>;
P_00000000011d7840 .param/l "WAIT_ALU_OR_MEM_bit" 1 7 312, +C4<00000000000000000000000000000011>;
P_00000000011d7878 .param/l "WAIT_INSTR" 1 7 316, +C4<000000000000000000000000000000010>;
P_00000000011d78b0 .param/l "WAIT_INSTR_bit" 1 7 310, +C4<00000000000000000000000000000001>;
L_0000000001264980 .functor OR 1, L_00000000012d76f0, L_00000000012d80f0, C4<0>, C4<0>;
L_0000000001265010 .functor BUFZ 32, v00000000012cfd20_0, C4<00000000000000000000000000000000>, C4<00000000000000000000000000000000>, C4<00000000000000000000000000000000>;
L_0000000001264360 .functor OR 1, L_00000000012d80f0, L_00000000013390b0, C4<0>, C4<0>;
L_0000000001263f70 .functor NOT 32, L_0000000001337e90, C4<00000000000000000000000000000000>, C4<00000000000000000000000000000000>, C4<00000000000000000000000000000000>;
L_0000000001264600 .functor XOR 1, L_0000000001339010, L_0000000001337b70, C4<0>, C4<0>;
L_00000000012643d0 .functor AND 1, L_0000000001339d30, L_0000000001337d50, C4<1>, C4<1>;
L_0000000001264e50 .functor OR 32, L_0000000001337c10, L_0000000001338070, C4<00000000000000000000000000000000>, C4<00000000000000000000000000000000>;
L_00000000012649f0 .functor OR 32, L_0000000001264e50, L_0000000001338110, C4<00000000000000000000000000000000>, C4<00000000000000000000000000000000>;
L_0000000001264590 .functor XOR 32, L_0000000001265010, L_0000000001337e90, C4<00000000000000000000000000000000>, C4<00000000000000000000000000000000>;
L_0000000001264520 .functor OR 32, L_00000000012649f0, L_0000000001339c90, C4<00000000000000000000000000000000>, C4<00000000000000000000000000000000>;
L_0000000001263950 .functor OR 32, L_0000000001265010, L_0000000001337e90, C4<00000000000000000000000000000000>, C4<00000000000000000000000000000000>;
L_00000000012641a0 .functor OR 32, L_0000000001264520, L_0000000001339ab0, C4<00000000000000000000000000000000>, C4<00000000000000000000000000000000>;
L_0000000001263aa0 .functor AND 32, L_0000000001265010, L_0000000001337e90, C4<11111111111111111111111111111111>, C4<11111111111111111111111111111111>;
L_0000000001264440 .functor OR 32, L_00000000012641a0, L_0000000001339b50, C4<00000000000000000000000000000000>, C4<00000000000000000000000000000000>;
L_0000000001264a60 .functor OR 32, L_0000000001264440, L_0000000001339dd0, C4<00000000000000000000000000000000>, C4<00000000000000000000000000000000>;
L_0000000001264830 .functor OR 1, L_0000000001339290, L_0000000001339fb0, C4<0>, C4<0>;
L_00000000012644b0 .functor AND 1, L_00000000013391f0, L_0000000001337f30, C4<1>, C4<1>;
L_00000000012648a0 .functor AND 1, L_0000000001339e70, L_0000000001339f10, C4<1>, C4<1>;
L_0000000001263fe0 .functor OR 1, L_00000000012644b0, L_00000000012648a0, C4<0>, C4<0>;
L_0000000001264d00 .functor AND 1, L_0000000001339330, L_0000000001338cf0, C4<1>, C4<1>;
L_0000000001264670 .functor OR 1, L_0000000001263fe0, L_0000000001264d00, C4<0>, C4<0>;
L_00000000012646e0 .functor AND 1, L_00000000013395b0, L_0000000001338570, C4<1>, C4<1>;
L_0000000001264ad0 .functor OR 1, L_0000000001264670, L_00000000012646e0, C4<0>, C4<0>;
L_0000000001264fa0 .functor AND 1, L_0000000001339510, L_0000000001337990, C4<1>, C4<1>;
L_0000000001263d40 .functor OR 1, L_0000000001264ad0, L_0000000001264fa0, C4<0>, C4<0>;
L_00000000012647c0 .functor AND 1, L_0000000001339650, L_0000000001337850, C4<1>, C4<1>;
L_0000000001263800 .functor OR 1, L_0000000001263d40, L_00000000012647c0, C4<0>, C4<0>;
L_0000000001264ec0 .functor OR 1, L_000000000133a0f0, L_000000000133a230, C4<0>, C4<0>;
L_0000000001264b40 .functor OR 32, L_000000000133a410, L_000000000133a4b0, C4<00000000000000000000000000000000>, C4<00000000000000000000000000000000>;
L_0000000001264bb0 .functor OR 32, L_0000000001264b40, L_000000000133a730, C4<00000000000000000000000000000000>, C4<00000000000000000000000000000000>;
L_00000000012650f0 .functor OR 32, L_0000000001264bb0, L_000000000133a190, C4<00000000000000000000000000000000>, C4<00000000000000000000000000000000>;
L_0000000001263e20 .functor OR 1, L_0000000001338e30, L_00000000013381b0, C4<0>, C4<0>;
L_0000000001264c20 .functor OR 32, L_00000000012650f0, L_000000000133a2d0, C4<00000000000000000000000000000000>, C4<00000000000000000000000000000000>;
L_0000000001265160 .functor OR 32, L_0000000001264c20, L_000000000133a370, C4<00000000000000000000000000000000>, C4<00000000000000000000000000000000>;
L_00000000012638e0 .functor AND 1, L_00000000013334d0, L_0000000001333890, C4<1>, C4<1>;
L_0000000001264050 .functor OR 1, L_00000000013390b0, L_00000000012d7d30, C4<0>, C4<0>;
L_0000000001264c90 .functor NOT 1, L_0000000001264050, C4<0>, C4<0>, C4<0>;
L_0000000001264d70 .functor OR 1, L_0000000001334a10, L_0000000001333070, C4<0>, C4<0>;
L_00000000012651d0 .functor AND 1, L_0000000001264c90, L_0000000001264d70, C4<1>, C4<1>;
L_0000000001265240 .functor AND 1, L_0000000001333430, L_00000000012d7a10, C4<1>, C4<1>;
L_0000000001263db0 .functor OR 1, L_0000000001265240, L_0000000001334d30, C4<0>, C4<0>;
L_00000000012652b0 .functor AND 1, L_0000000001334dd0, L_00000000012d7d30, C4<1>, C4<1>;
L_0000000001265320 .functor AND 4, L_0000000001334e70, L_0000000001334970, C4<1111>, C4<1111>;
L_00000000012639c0 .functor AND 1, L_0000000001332d50, L_0000000001264980, C4<1>, C4<1>;
L_0000000001263a30 .functor AND 1, L_00000000013390b0, L_0000000001263800, C4<1>, C4<1>;
L_0000000001263b10 .functor OR 1, L_00000000013381b0, L_0000000001263a30, C4<0>, C4<0>;
L_0000000001263bf0 .functor OR 1, L_00000000012d7a10, L_00000000012d7d30, C4<0>, C4<0>;
L_0000000001263c60 .functor AND 1, L_0000000001264980, L_0000000001264830, C4<1>, C4<1>;
L_0000000001263cd0 .functor OR 1, L_0000000001263bf0, L_0000000001263c60, C4<0>, C4<0>;
v000000000124e560_0 .net "Bimm", 31 0, L_00000000012d84b0;  1 drivers
v000000000124c9e0_0 .net "EQ", 0 0, L_0000000001337f30;  1 drivers
v000000000124ca80_0 .net "Iimm", 31 0, L_00000000012d7150;  1 drivers
v000000000124cb20_0 .net "Jimm", 31 0, L_00000000012d85f0;  1 drivers
v000000000124cbc0_0 .net "LOAD_byte", 7 0, L_0000000001333ed0;  1 drivers
v000000000124ce40_0 .net "LOAD_data", 31 0, L_0000000001334290;  1 drivers
v0000000001225200_0 .net "LOAD_halfword", 15 0, L_0000000001333250;  1 drivers
v0000000001223400_0 .net "LOAD_sign", 0 0, L_00000000012638e0;  1 drivers
v0000000001235d60_0 .net "LT", 0 0, L_0000000001338cf0;  1 drivers
v0000000001235e00_0 .net "LTU", 0 0, L_0000000001337990;  1 drivers
v00000000011296a0_0 .var "PC", 31 0;
v00000000012bfda0_0 .net "PCplus4", 31 0, L_0000000001337a30;  1 drivers
v00000000012be7c0_0 .net "PCplusImm", 31 0, L_00000000013387f0;  1 drivers
v00000000012c0340_0 .net "STORE_wmask", 3 0, L_0000000001334970;  1 drivers
v00000000012be860_0 .net "Simm", 31 0, L_00000000012d7fb0;  1 drivers
v00000000012bfa80_0 .net "Uimm", 31 0, L_00000000012d7790;  1 drivers
v00000000012c02a0_0 .net *"_ivl_101", 4 0, L_0000000001339830;  1 drivers
L_00000000012daaa8 .functor BUFT 1, C4<01101>, C4<0>, C4<0>, C4<0>;
v00000000012c03e0_0 .net/2u *"_ivl_102", 4 0, L_00000000012daaa8;  1 drivers
v00000000012bfbc0_0 .net *"_ivl_107", 4 0, L_0000000001337cb0;  1 drivers
L_00000000012daaf0 .functor BUFT 1, C4<00101>, C4<0>, C4<0>, C4<0>;
v00000000012be900_0 .net/2u *"_ivl_108", 4 0, L_00000000012daaf0;  1 drivers
v00000000012bf620_0 .net *"_ivl_11", 18 0, L_00000000012d82d0;  1 drivers
v00000000012bf300_0 .net *"_ivl_113", 4 0, L_0000000001338ed0;  1 drivers
L_00000000012dab38 .functor BUFT 1, C4<11000>, C4<0>, C4<0>, C4<0>;
v00000000012bfee0_0 .net/2u *"_ivl_114", 4 0, L_00000000012dab38;  1 drivers
L_00000000012da820 .functor BUFT 1, C4<000000000000>, C4<0>, C4<0>, C4<0>;
v00000000012befe0_0 .net/2u *"_ivl_12", 11 0, L_00000000012da820;  1 drivers
v00000000012beea0_0 .net *"_ivl_122", 0 0, L_0000000001264360;  1 drivers
L_00000000012dab80 .functor BUFT 1, C4<1>, C4<0>, C4<0>, C4<0>;
v00000000012beae0_0 .net/2u *"_ivl_130", 0 0, L_00000000012dab80;  1 drivers
v00000000012bfb20_0 .net *"_ivl_132", 31 0, L_0000000001263f70;  1 drivers
v00000000012beb80_0 .net *"_ivl_134", 32 0, L_0000000001338bb0;  1 drivers
L_00000000012dabc8 .functor BUFT 1, C4<0>, C4<0>, C4<0>, C4<0>;
v00000000012bfe40_0 .net/2u *"_ivl_136", 0 0, L_00000000012dabc8;  1 drivers
v00000000012bf580_0 .net *"_ivl_138", 32 0, L_0000000001338c50;  1 drivers
v00000000012bef40_0 .net *"_ivl_140", 32 0, L_0000000001339470;  1 drivers
L_00000000012dac10 .functor BUFT 1, C4<000000000000000000000000000000001>, C4<0>, C4<0>, C4<0>;
v00000000012be220_0 .net/2u *"_ivl_142", 32 0, L_00000000012dac10;  1 drivers
v00000000012c0480_0 .net *"_ivl_147", 0 0, L_0000000001339010;  1 drivers
v00000000012bee00_0 .net *"_ivl_149", 0 0, L_0000000001337b70;  1 drivers
v00000000012bf3a0_0 .net *"_ivl_150", 0 0, L_0000000001264600;  1 drivers
v00000000012bfc60_0 .net *"_ivl_153", 0 0, L_0000000001337fd0;  1 drivers
v00000000012c0020_0 .net *"_ivl_155", 0 0, L_00000000013398d0;  1 drivers
v00000000012bf760_0 .net *"_ivl_161", 31 0, L_00000000013378f0;  1 drivers
L_00000000012dac58 .functor BUFT 1, C4<00000000000000000000000000000000>, C4<0>, C4<0>, C4<0>;
v00000000012bf9e0_0 .net/2u *"_ivl_162", 31 0, L_00000000012dac58;  1 drivers
v00000000012c0700_0 .net *"_ivl_167", 0 0, L_0000000001338610;  1 drivers
v00000000012bfd00_0 .net *"_ivl_169", 0 0, L_0000000001339d30;  1 drivers
v00000000012bf080_0 .net *"_ivl_17", 0 0, L_00000000012d78d0;  1 drivers
v00000000012be9a0_0 .net *"_ivl_171", 0 0, L_0000000001337d50;  1 drivers
v00000000012bea40_0 .net *"_ivl_172", 0 0, L_00000000012643d0;  1 drivers
v00000000012becc0_0 .net *"_ivl_175", 31 0, L_0000000001337df0;  1 drivers
v00000000012c05c0_0 .net *"_ivl_176", 31 0, L_0000000001338930;  1 drivers
L_00000000012daca0 .functor BUFT 1, C4<00000000000000000000000000000000>, C4<0>, C4<0>, C4<0>;
v00000000012be180_0 .net/2u *"_ivl_178", 31 0, L_00000000012daca0;  1 drivers
v00000000012be720_0 .net *"_ivl_18", 20 0, L_00000000012d7ab0;  1 drivers
v00000000012be0e0_0 .net *"_ivl_180", 31 0, L_0000000001337c10;  1 drivers
v00000000012bf440_0 .net *"_ivl_183", 0 0, L_0000000001339150;  1 drivers
L_00000000012dace8 .functor BUFT 1, C4<0000000000000000000000000000000>, C4<0>, C4<0>, C4<0>;
v00000000012bf120_0 .net/2u *"_ivl_184", 30 0, L_00000000012dace8;  1 drivers
v00000000012bec20_0 .net *"_ivl_186", 31 0, L_0000000001338d90;  1 drivers
L_00000000012dad30 .functor BUFT 1, C4<00000000000000000000000000000000>, C4<0>, C4<0>, C4<0>;
v00000000012bf4e0_0 .net/2u *"_ivl_188", 31 0, L_00000000012dad30;  1 drivers
v00000000012c0660_0 .net *"_ivl_190", 31 0, L_0000000001338070;  1 drivers
v00000000012bf260_0 .net *"_ivl_192", 31 0, L_0000000001264e50;  1 drivers
v00000000012bf6c0_0 .net *"_ivl_195", 0 0, L_0000000001338390;  1 drivers
L_00000000012dad78 .functor BUFT 1, C4<0000000000000000000000000000000>, C4<0>, C4<0>, C4<0>;
v00000000012bf800_0 .net/2u *"_ivl_196", 30 0, L_00000000012dad78;  1 drivers
v00000000012bff80_0 .net *"_ivl_198", 31 0, L_00000000013386b0;  1 drivers
L_00000000012da7d8 .functor BUFT 1, C4<00000001>, C4<0>, C4<0>, C4<0>;
v00000000012bed60_0 .net/2u *"_ivl_2", 7 0, L_00000000012da7d8;  1 drivers
L_00000000012dadc0 .functor BUFT 1, C4<00000000000000000000000000000000>, C4<0>, C4<0>, C4<0>;
v00000000012c0160_0 .net/2u *"_ivl_200", 31 0, L_00000000012dadc0;  1 drivers
v00000000012bf1c0_0 .net *"_ivl_202", 31 0, L_0000000001338110;  1 drivers
v00000000012c00c0_0 .net *"_ivl_204", 31 0, L_00000000012649f0;  1 drivers
v00000000012bf8a0_0 .net *"_ivl_207", 0 0, L_0000000001339970;  1 drivers
v00000000012c0520_0 .net *"_ivl_208", 31 0, L_0000000001264590;  1 drivers
v00000000012be2c0_0 .net *"_ivl_21", 10 0, L_00000000012d8190;  1 drivers
L_00000000012dae08 .functor BUFT 1, C4<00000000000000000000000000000000>, C4<0>, C4<0>, C4<0>;
v00000000012bf940_0 .net/2u *"_ivl_210", 31 0, L_00000000012dae08;  1 drivers
v00000000012c0200_0 .net *"_ivl_212", 31 0, L_0000000001339c90;  1 drivers
v00000000012be4a0_0 .net *"_ivl_214", 31 0, L_0000000001264520;  1 drivers
v00000000012bdfa0_0 .net *"_ivl_217", 0 0, L_0000000001339a10;  1 drivers
v00000000012be040_0 .net *"_ivl_218", 31 0, L_0000000001263950;  1 drivers
L_00000000012dae50 .functor BUFT 1, C4<00000000000000000000000000000000>, C4<0>, C4<0>, C4<0>;
v00000000012be360_0 .net/2u *"_ivl_220", 31 0, L_00000000012dae50;  1 drivers
v00000000012be400_0 .net *"_ivl_222", 31 0, L_0000000001339ab0;  1 drivers
v00000000012be540_0 .net *"_ivl_224", 31 0, L_00000000012641a0;  1 drivers
v00000000012be5e0_0 .net *"_ivl_227", 0 0, L_0000000001338430;  1 drivers
v00000000012be680_0 .net *"_ivl_228", 31 0, L_0000000001263aa0;  1 drivers
L_00000000012dae98 .functor BUFT 1, C4<00000000000000000000000000000000>, C4<0>, C4<0>, C4<0>;
v00000000012c1420_0 .net/2u *"_ivl_230", 31 0, L_00000000012dae98;  1 drivers
v00000000012c0f20_0 .net *"_ivl_232", 31 0, L_0000000001339b50;  1 drivers
v00000000012c1600_0 .net *"_ivl_234", 31 0, L_0000000001264440;  1 drivers
L_00000000012daee0 .functor BUFT 1, C4<00000000000000000000000000000000>, C4<0>, C4<0>, C4<0>;
v00000000012c1240_0 .net/2u *"_ivl_236", 31 0, L_00000000012daee0;  1 drivers
v00000000012c1ce0_0 .net *"_ivl_238", 31 0, L_0000000001339dd0;  1 drivers
v00000000012c0980_0 .net *"_ivl_243", 0 0, L_0000000001339290;  1 drivers
v00000000012c0a20_0 .net *"_ivl_245", 0 0, L_0000000001339fb0;  1 drivers
v00000000012c19c0_0 .net *"_ivl_249", 0 0, L_00000000013391f0;  1 drivers
v00000000012c0ac0_0 .net *"_ivl_25", 0 0, L_00000000012d7830;  1 drivers
v00000000012c0de0_0 .net *"_ivl_250", 0 0, L_00000000012644b0;  1 drivers
v00000000012c08e0_0 .net *"_ivl_253", 0 0, L_0000000001339e70;  1 drivers
v00000000012c0840_0 .net *"_ivl_255", 0 0, L_0000000001339f10;  1 drivers
v00000000012c12e0_0 .net *"_ivl_256", 0 0, L_00000000012648a0;  1 drivers
v00000000012c1100_0 .net *"_ivl_258", 0 0, L_0000000001263fe0;  1 drivers
v00000000012c16a0_0 .net *"_ivl_26", 20 0, L_00000000012d7b50;  1 drivers
v00000000012c17e0_0 .net *"_ivl_261", 0 0, L_0000000001339330;  1 drivers
v00000000012c1380_0 .net *"_ivl_262", 0 0, L_0000000001264d00;  1 drivers
v00000000012c0e80_0 .net *"_ivl_264", 0 0, L_0000000001264670;  1 drivers
v00000000012c0d40_0 .net *"_ivl_267", 0 0, L_00000000013395b0;  1 drivers
v00000000012c1c40_0 .net *"_ivl_269", 0 0, L_0000000001338570;  1 drivers
v00000000012c0c00_0 .net *"_ivl_270", 0 0, L_00000000012646e0;  1 drivers
v00000000012c0ca0_0 .net *"_ivl_272", 0 0, L_0000000001264ad0;  1 drivers
v00000000012c1740_0 .net *"_ivl_275", 0 0, L_0000000001339510;  1 drivers
v00000000012c0b60_0 .net *"_ivl_276", 0 0, L_0000000001264fa0;  1 drivers
v00000000012c1560_0 .net *"_ivl_278", 0 0, L_0000000001263d40;  1 drivers
v00000000012c1d80_0 .net *"_ivl_281", 0 0, L_0000000001339650;  1 drivers
v00000000012c0fc0_0 .net *"_ivl_283", 0 0, L_0000000001337850;  1 drivers
v00000000012c14c0_0 .net *"_ivl_284", 0 0, L_00000000012647c0;  1 drivers
L_00000000012daf28 .functor BUFT 1, C4<00000000000000000000000000000100>, C4<0>, C4<0>, C4<0>;
v00000000012c1060_0 .net/2u *"_ivl_288", 31 0, L_00000000012daf28;  1 drivers
v00000000012c11a0_0 .net *"_ivl_29", 5 0, L_00000000012d7010;  1 drivers
v00000000012c1880_0 .net *"_ivl_293", 0 0, L_0000000001337ad0;  1 drivers
v00000000012c1920_0 .net *"_ivl_295", 0 0, L_00000000013382f0;  1 drivers
v00000000012c1e20_0 .net *"_ivl_296", 31 0, L_00000000013384d0;  1 drivers
v00000000012c1a60_0 .net *"_ivl_298", 31 0, L_0000000001338750;  1 drivers
v00000000012c1b00_0 .net *"_ivl_303", 0 0, L_0000000001338890;  1 drivers
v00000000012c1ba0_0 .net *"_ivl_304", 31 0, L_00000000013389d0;  1 drivers
v00000000012c07a0_0 .net *"_ivl_309", 0 0, L_000000000133a0f0;  1 drivers
v00000000012c29b0_0 .net *"_ivl_31", 4 0, L_00000000012d7290;  1 drivers
v00000000012c4490_0 .net *"_ivl_311", 0 0, L_000000000133a230;  1 drivers
v00000000012c2410_0 .net *"_ivl_312", 0 0, L_0000000001264ec0;  1 drivers
L_00000000012daf70 .functor BUFT 1, C4<00000000000000000000000000000000>, C4<0>, C4<0>, C4<0>;
v00000000012c3c70_0 .net/2u *"_ivl_316", 31 0, L_00000000012daf70;  1 drivers
v00000000012c3270_0 .net *"_ivl_318", 31 0, L_000000000133a410;  1 drivers
L_00000000012dafb8 .functor BUFT 1, C4<00000000000000000000000000000000>, C4<0>, C4<0>, C4<0>;
v00000000012c4030_0 .net/2u *"_ivl_320", 31 0, L_00000000012dafb8;  1 drivers
v00000000012c36d0_0 .net *"_ivl_322", 31 0, L_000000000133a4b0;  1 drivers
v00000000012c2a50_0 .net *"_ivl_324", 31 0, L_0000000001264b40;  1 drivers
L_00000000012db000 .functor BUFT 1, C4<00000000000000000000000000000000>, C4<0>, C4<0>, C4<0>;
v00000000012c3950_0 .net/2u *"_ivl_326", 31 0, L_00000000012db000;  1 drivers
v00000000012c25f0_0 .net *"_ivl_328", 31 0, L_000000000133a730;  1 drivers
v00000000012c2690_0 .net *"_ivl_330", 31 0, L_0000000001264bb0;  1 drivers
L_00000000012db048 .functor BUFT 1, C4<00000000000000000000000000000000>, C4<0>, C4<0>, C4<0>;
v00000000012c4350_0 .net/2u *"_ivl_332", 31 0, L_00000000012db048;  1 drivers
v00000000012c3770_0 .net *"_ivl_334", 31 0, L_000000000133a190;  1 drivers
v00000000012c43f0_0 .net *"_ivl_336", 31 0, L_00000000012650f0;  1 drivers
v00000000012c2af0_0 .net *"_ivl_338", 0 0, L_0000000001263e20;  1 drivers
L_00000000012db090 .functor BUFT 1, C4<00000000000000000000000000000000>, C4<0>, C4<0>, C4<0>;
v00000000012c4170_0 .net/2u *"_ivl_340", 31 0, L_00000000012db090;  1 drivers
v00000000012c3ef0_0 .net *"_ivl_342", 31 0, L_000000000133a2d0;  1 drivers
v00000000012c3d10_0 .net *"_ivl_344", 31 0, L_0000000001264c20;  1 drivers
L_00000000012db0d8 .functor BUFT 1, C4<00000000000000000000000000000000>, C4<0>, C4<0>, C4<0>;
v00000000012c2730_0 .net/2u *"_ivl_346", 31 0, L_00000000012db0d8;  1 drivers
v00000000012c2b90_0 .net *"_ivl_348", 31 0, L_000000000133a370;  1 drivers
v00000000012c2cd0_0 .net *"_ivl_35", 0 0, L_00000000012d8230;  1 drivers
v00000000012c3450_0 .net *"_ivl_353", 1 0, L_000000000133a550;  1 drivers
L_00000000012db120 .functor BUFT 1, C4<00>, C4<0>, C4<0>, C4<0>;
v00000000012c34f0_0 .net/2u *"_ivl_354", 1 0, L_00000000012db120;  1 drivers
v00000000012c3f90_0 .net *"_ivl_359", 1 0, L_0000000001332e90;  1 drivers
v00000000012c2c30_0 .net *"_ivl_36", 19 0, L_00000000012d7bf0;  1 drivers
L_00000000012db168 .functor BUFT 1, C4<01>, C4<0>, C4<0>, C4<0>;
v00000000012c4210_0 .net/2u *"_ivl_360", 1 0, L_00000000012db168;  1 drivers
v00000000012c31d0_0 .net *"_ivl_365", 0 0, L_0000000001332ad0;  1 drivers
v00000000012c40d0_0 .net *"_ivl_367", 0 0, L_00000000013334d0;  1 drivers
v00000000012c2e10_0 .net *"_ivl_369", 0 0, L_0000000001332b70;  1 drivers
v00000000012c3810_0 .net *"_ivl_371", 0 0, L_0000000001334010;  1 drivers
v00000000012c2d70_0 .net *"_ivl_372", 0 0, L_0000000001333890;  1 drivers
v00000000012c2050_0 .net *"_ivl_376", 23 0, L_00000000013337f0;  1 drivers
v00000000012c20f0_0 .net *"_ivl_378", 31 0, L_0000000001333750;  1 drivers
v00000000012c3bd0_0 .net *"_ivl_380", 15 0, L_00000000013341f0;  1 drivers
v00000000012c27d0_0 .net *"_ivl_382", 31 0, L_0000000001334650;  1 drivers
v00000000012c4530_0 .net *"_ivl_384", 31 0, L_00000000013340b0;  1 drivers
v00000000012c2910_0 .net *"_ivl_389", 0 0, L_0000000001333f70;  1 drivers
v00000000012c3590_0 .net *"_ivl_39", 0 0, L_00000000012d8370;  1 drivers
v00000000012c24b0_0 .net *"_ivl_391", 15 0, L_0000000001334ab0;  1 drivers
v00000000012c3090_0 .net *"_ivl_393", 15 0, L_0000000001333930;  1 drivers
v00000000012c38b0_0 .net *"_ivl_397", 0 0, L_0000000001332f30;  1 drivers
v00000000012c2550_0 .net *"_ivl_399", 7 0, L_0000000001334bf0;  1 drivers
v00000000012c2eb0_0 .net *"_ivl_401", 7 0, L_0000000001334150;  1 drivers
v00000000012c42b0_0 .net *"_ivl_407", 7 0, L_0000000001332990;  1 drivers
v00000000012c3db0_0 .net *"_ivl_41", 5 0, L_00000000012d7c90;  1 drivers
v00000000012c45d0_0 .net *"_ivl_411", 0 0, L_0000000001333bb0;  1 drivers
v00000000012c2870_0 .net *"_ivl_413", 7 0, L_0000000001334330;  1 drivers
v00000000012c39f0_0 .net *"_ivl_415", 7 0, L_00000000013346f0;  1 drivers
v00000000012c2f50_0 .net *"_ivl_416", 7 0, L_0000000001333b10;  1 drivers
v00000000012c4670_0 .net *"_ivl_421", 0 0, L_00000000013345b0;  1 drivers
v00000000012c3a90_0 .net *"_ivl_423", 7 0, L_0000000001333570;  1 drivers
v00000000012c2230_0 .net *"_ivl_425", 7 0, L_0000000001333a70;  1 drivers
v00000000012c4710_0 .net *"_ivl_426", 7 0, L_0000000001333c50;  1 drivers
v00000000012c3310_0 .net *"_ivl_43", 3 0, L_00000000012d8410;  1 drivers
v00000000012c3130_0 .net *"_ivl_432", 0 0, L_0000000001333390;  1 drivers
v00000000012c3b30_0 .net *"_ivl_434", 7 0, L_0000000001333cf0;  1 drivers
v00000000012c3e50_0 .net *"_ivl_436", 0 0, L_00000000013348d0;  1 drivers
v00000000012c3630_0 .net *"_ivl_438", 7 0, L_00000000013336b0;  1 drivers
L_00000000012da868 .functor BUFT 1, C4<0>, C4<0>, C4<0>, C4<0>;
v00000000012c2ff0_0 .net/2u *"_ivl_44", 0 0, L_00000000012da868;  1 drivers
v00000000012c33b0_0 .net *"_ivl_440", 7 0, L_00000000013343d0;  1 drivers
v00000000012c1fb0_0 .net *"_ivl_441", 7 0, L_0000000001332a30;  1 drivers
v00000000012c2190_0 .net *"_ivl_443", 7 0, L_0000000001332850;  1 drivers
v00000000012c22d0_0 .net *"_ivl_446", 0 0, L_0000000001334470;  1 drivers
v00000000012c2370_0 .net *"_ivl_448", 0 0, L_00000000013339d0;  1 drivers
L_00000000012db1b0 .functor BUFT 1, C4<1000>, C4<0>, C4<0>, C4<0>;
v00000000012c5930_0 .net/2u *"_ivl_449", 3 0, L_00000000012db1b0;  1 drivers
L_00000000012db1f8 .functor BUFT 1, C4<0100>, C4<0>, C4<0>, C4<0>;
v00000000012c4850_0 .net/2u *"_ivl_451", 3 0, L_00000000012db1f8;  1 drivers
v00000000012c4b70_0 .net *"_ivl_453", 3 0, L_0000000001332cb0;  1 drivers
v00000000012c4fd0_0 .net *"_ivl_456", 0 0, L_0000000001334510;  1 drivers
L_00000000012db240 .functor BUFT 1, C4<0010>, C4<0>, C4<0>, C4<0>;
v00000000012c52f0_0 .net/2u *"_ivl_457", 3 0, L_00000000012db240;  1 drivers
L_00000000012db288 .functor BUFT 1, C4<0001>, C4<0>, C4<0>, C4<0>;
v00000000012c54d0_0 .net/2u *"_ivl_459", 3 0, L_00000000012db288;  1 drivers
v00000000012c4e90_0 .net *"_ivl_461", 3 0, L_0000000001333d90;  1 drivers
v00000000012c4c10_0 .net *"_ivl_463", 3 0, L_0000000001334b50;  1 drivers
v00000000012c5c50_0 .net *"_ivl_466", 0 0, L_0000000001334790;  1 drivers
L_00000000012db2d0 .functor BUFT 1, C4<1100>, C4<0>, C4<0>, C4<0>;
v00000000012c4d50_0 .net/2u *"_ivl_467", 3 0, L_00000000012db2d0;  1 drivers
L_00000000012db318 .functor BUFT 1, C4<0011>, C4<0>, C4<0>, C4<0>;
v00000000012c5570_0 .net/2u *"_ivl_469", 3 0, L_00000000012db318;  1 drivers
v00000000012c5d90_0 .net *"_ivl_471", 3 0, L_0000000001333e30;  1 drivers
L_00000000012db360 .functor BUFT 1, C4<1111>, C4<0>, C4<0>, C4<0>;
v00000000012c5250_0 .net/2u *"_ivl_473", 3 0, L_00000000012db360;  1 drivers
v00000000012c4cb0_0 .net *"_ivl_475", 3 0, L_0000000001334c90;  1 drivers
v00000000012c5cf0_0 .net *"_ivl_479", 0 0, L_0000000001264050;  1 drivers
v00000000012c48f0_0 .net *"_ivl_481", 0 0, L_0000000001264c90;  1 drivers
v00000000012c57f0_0 .net *"_ivl_484", 0 0, L_0000000001334a10;  1 drivers
v00000000012c5890_0 .net *"_ivl_486", 0 0, L_0000000001333070;  1 drivers
v00000000012c56b0_0 .net *"_ivl_487", 0 0, L_0000000001264d70;  1 drivers
v00000000012c51b0_0 .net *"_ivl_49", 0 0, L_00000000012d8690;  1 drivers
v00000000012c5430_0 .net *"_ivl_492", 0 0, L_0000000001333430;  1 drivers
v00000000012c4990_0 .net *"_ivl_493", 0 0, L_0000000001265240;  1 drivers
v00000000012c5390_0 .net *"_ivl_496", 0 0, L_0000000001334d30;  1 drivers
v00000000012c4df0_0 .net *"_ivl_5", 2 0, L_00000000012d70b0;  1 drivers
v00000000012c4f30_0 .net *"_ivl_50", 11 0, L_00000000012d7510;  1 drivers
v00000000012c5070_0 .net *"_ivl_500", 0 0, L_0000000001334dd0;  1 drivers
v00000000012c5bb0_0 .net *"_ivl_501", 0 0, L_00000000012652b0;  1 drivers
v00000000012c4a30_0 .net *"_ivl_503", 3 0, L_0000000001334e70;  1 drivers
v00000000012c5110_0 .net *"_ivl_508", 0 0, L_0000000001332d50;  1 drivers
v00000000012c47b0_0 .net *"_ivl_511", 0 0, L_0000000001263a30;  1 drivers
v00000000012c5e30_0 .net *"_ivl_515", 0 0, L_0000000001263bf0;  1 drivers
v00000000012c5610_0 .net *"_ivl_517", 0 0, L_0000000001263c60;  1 drivers
v00000000012c5750_0 .net *"_ivl_53", 7 0, L_00000000012d71f0;  1 drivers
v00000000012c59d0_0 .net *"_ivl_55", 0 0, L_00000000012d7330;  1 drivers
v00000000012c5a70_0 .net *"_ivl_57", 9 0, L_00000000012d8550;  1 drivers
L_00000000012da8b0 .functor BUFT 1, C4<0>, C4<0>, C4<0>, C4<0>;
v00000000012c5b10_0 .net/2u *"_ivl_58", 0 0, L_00000000012da8b0;  1 drivers
v00000000012c4ad0_0 .net *"_ivl_63", 4 0, L_00000000012d73d0;  1 drivers
L_00000000012da8f8 .functor BUFT 1, C4<00000>, C4<0>, C4<0>, C4<0>;
v00000000012cf6e0_0 .net/2u *"_ivl_64", 4 0, L_00000000012da8f8;  1 drivers
v00000000012d0a40_0 .net *"_ivl_69", 4 0, L_00000000012d75b0;  1 drivers
L_00000000012da940 .functor BUFT 1, C4<00100>, C4<0>, C4<0>, C4<0>;
v00000000012ce7e0_0 .net/2u *"_ivl_70", 4 0, L_00000000012da940;  1 drivers
v00000000012d0720_0 .net *"_ivl_75", 4 0, L_00000000012d7dd0;  1 drivers
L_00000000012da988 .functor BUFT 1, C4<01000>, C4<0>, C4<0>, C4<0>;
v00000000012d04a0_0 .net/2u *"_ivl_76", 4 0, L_00000000012da988;  1 drivers
v00000000012d0900_0 .net *"_ivl_81", 4 0, L_00000000012d8050;  1 drivers
L_00000000012da9d0 .functor BUFT 1, C4<01100>, C4<0>, C4<0>, C4<0>;
v00000000012cf000_0 .net/2u *"_ivl_82", 4 0, L_00000000012da9d0;  1 drivers
v00000000012d0220_0 .net *"_ivl_87", 4 0, L_0000000001338b10;  1 drivers
L_00000000012daa18 .functor BUFT 1, C4<11100>, C4<0>, C4<0>, C4<0>;
v00000000012cee20_0 .net/2u *"_ivl_88", 4 0, L_00000000012daa18;  1 drivers
v00000000012d0d60_0 .net *"_ivl_9", 0 0, L_00000000012d7e70;  1 drivers
v00000000012d02c0_0 .net *"_ivl_95", 4 0, L_00000000013396f0;  1 drivers
L_00000000012daa60 .functor BUFT 1, C4<11001>, C4<0>, C4<0>, C4<0>;
v00000000012cea60_0 .net/2u *"_ivl_96", 4 0, L_00000000012daa60;  1 drivers
v00000000012d0e00_0 .net "aluBusy", 0 0, L_0000000001339bf0;  1 drivers
v00000000012d0860_0 .net "aluIn1", 31 0, L_0000000001265010;  1 drivers
v00000000012cf0a0_0 .net "aluIn2", 31 0, L_0000000001337e90;  1 drivers
v00000000012d0360_0 .net "aluMinus", 32 0, L_0000000001338a70;  1 drivers
v00000000012d00e0_0 .net "aluOut", 31 0, L_0000000001264a60;  1 drivers
v00000000012d0180_0 .net "aluPlus", 31 0, L_0000000001338f70;  1 drivers
v00000000012d07c0_0 .var "aluReg", 31 0;
v00000000012cf500_0 .var "aluShamt", 4 0;
v00000000012d0040_0 .net "aluWr", 0 0, L_00000000012639c0;  1 drivers
v00000000012d0b80_0 .net "clk", 0 0, v00000000012d6b10_0;  alias, 1 drivers
v00000000012cf780_0 .var "cycles", 31 0;
v00000000012cfaa0_0 .net "funct3Is", 7 0, L_00000000012d7470;  1 drivers
v00000000012cf8c0_0 .net "funct3IsShift", 0 0, L_0000000001264830;  1 drivers
v00000000012d09a0_0 .var "instr", 31 2;
v00000000012ce9c0_0 .net "isALU", 0 0, L_0000000001264980;  1 drivers
v00000000012cf140_0 .net "isALUimm", 0 0, L_00000000012d76f0;  1 drivers
v00000000012ceec0_0 .net "isALUreg", 0 0, L_00000000012d80f0;  1 drivers
v00000000012d0ae0_0 .net "isAUIPC", 0 0, L_0000000001338250;  1 drivers
v00000000012d0c20_0 .net "isBranch", 0 0, L_00000000013390b0;  1 drivers
v00000000012cfb40_0 .net "isJAL", 0 0, L_00000000013381b0;  1 drivers
v00000000012d0cc0_0 .net "isJALR", 0 0, L_0000000001338e30;  1 drivers
v00000000012cf1e0_0 .net "isLUI", 0 0, L_0000000001339790;  1 drivers
v00000000012ce880_0 .net "isLoad", 0 0, L_00000000012d7a10;  1 drivers
v00000000012cf280_0 .net "isSYSTEM", 0 0, L_00000000013393d0;  1 drivers
v00000000012ce920_0 .net "isStore", 0 0, L_00000000012d7d30;  1 drivers
v00000000012cef60_0 .net "jumpToPCplusImm", 0 0, L_0000000001263b10;  1 drivers
v00000000012cfbe0_0 .net "loadstore_addr", 31 0, L_000000000133a050;  1 drivers
v00000000012d0ea0_0 .net "mem_addr", 31 0, L_000000000133a690;  alias, 1 drivers
v00000000012cf820_0 .net "mem_byteAccess", 0 0, L_000000000133a5f0;  1 drivers
v00000000012cf960_0 .net "mem_halfwordAccess", 0 0, L_0000000001334830;  1 drivers
L_00000000012db3a8 .functor BUFT 1, C4<0>, C4<0>, C4<0>, C4<0>;
v00000000012cf320_0 .net "mem_rbusy", 0 0, L_00000000012db3a8;  1 drivers
v00000000012cf3c0_0 .net "mem_rdata", 31 0, v00000000012d6070_0;  1 drivers
v00000000012d0400_0 .net "mem_rstrb", 0 0, L_0000000001263db0;  alias, 1 drivers
L_00000000012db3f0 .functor BUFT 1, C4<0>, C4<0>, C4<0>, C4<0>;
v00000000012cf460_0 .net "mem_wbusy", 0 0, L_00000000012db3f0;  1 drivers
v00000000012cf5a0_0 .net "mem_wdata", 31 0, L_0000000001332c10;  alias, 1 drivers
v00000000012d0f40_0 .net "mem_wmask", 3 0, L_0000000001265320;  alias, 1 drivers
v00000000012ceb00_0 .net "needToWait", 0 0, L_0000000001263cd0;  1 drivers
v00000000012cfa00_0 .net "predicate", 0 0, L_0000000001263800;  1 drivers
v00000000012d0540_0 .net "rdId", 4 0, L_00000000012d7650;  1 drivers
v00000000012cfc80 .array "registerFile", 0 31, 31 0;
v00000000012cf640_0 .net "reset", 0 0, v00000000012d6bb0_0;  alias, 1 drivers
v00000000012cfd20_0 .var "rs1", 31 0;
v00000000012ceba0_0 .var "rs2", 31 0;
v00000000012cec40_0 .var "state", 3 0;
v00000000012d05e0_0 .net "writeBack", 0 0, L_00000000012651d0;  1 drivers
v00000000012d0680_0 .net "writeBackData", 31 0, L_0000000001265160;  1 drivers
L_00000000012d7650 .part v00000000012d09a0_0, 5, 5;
L_00000000012d70b0 .part v00000000012d09a0_0, 10, 3;
L_00000000012d7470 .shift/l 8, L_00000000012da7d8, L_00000000012d70b0;
L_00000000012d7e70 .part v00000000012d09a0_0, 29, 1;
L_00000000012d82d0 .part v00000000012d09a0_0, 10, 19;
L_00000000012d7790 .concat [ 12 19 1 0], L_00000000012da820, L_00000000012d82d0, L_00000000012d7e70;
L_00000000012d78d0 .part v00000000012d09a0_0, 29, 1;
LS_00000000012d7ab0_0_0 .concat [ 1 1 1 1], L_00000000012d78d0, L_00000000012d78d0, L_00000000012d78d0, L_00000000012d78d0;
LS_00000000012d7ab0_0_4 .concat [ 1 1 1 1], L_00000000012d78d0, L_00000000012d78d0, L_00000000012d78d0, L_00000000012d78d0;
LS_00000000012d7ab0_0_8 .concat [ 1 1 1 1], L_00000000012d78d0, L_00000000012d78d0, L_00000000012d78d0, L_00000000012d78d0;
LS_00000000012d7ab0_0_12 .concat [ 1 1 1 1], L_00000000012d78d0, L_00000000012d78d0, L_00000000012d78d0, L_00000000012d78d0;
LS_00000000012d7ab0_0_16 .concat [ 1 1 1 1], L_00000000012d78d0, L_00000000012d78d0, L_00000000012d78d0, L_00000000012d78d0;
LS_00000000012d7ab0_0_20 .concat [ 1 0 0 0], L_00000000012d78d0;
LS_00000000012d7ab0_1_0 .concat [ 4 4 4 4], LS_00000000012d7ab0_0_0, LS_00000000012d7ab0_0_4, LS_00000000012d7ab0_0_8, LS_00000000012d7ab0_0_12;
LS_00000000012d7ab0_1_4 .concat [ 4 1 0 0], LS_00000000012d7ab0_0_16, LS_00000000012d7ab0_0_20;
L_00000000012d7ab0 .concat [ 16 5 0 0], LS_00000000012d7ab0_1_0, LS_00000000012d7ab0_1_4;
L_00000000012d8190 .part v00000000012d09a0_0, 18, 11;
L_00000000012d7150 .concat [ 11 21 0 0], L_00000000012d8190, L_00000000012d7ab0;
L_00000000012d7830 .part v00000000012d09a0_0, 29, 1;
LS_00000000012d7b50_0_0 .concat [ 1 1 1 1], L_00000000012d7830, L_00000000012d7830, L_00000000012d7830, L_00000000012d7830;
LS_00000000012d7b50_0_4 .concat [ 1 1 1 1], L_00000000012d7830, L_00000000012d7830, L_00000000012d7830, L_00000000012d7830;
LS_00000000012d7b50_0_8 .concat [ 1 1 1 1], L_00000000012d7830, L_00000000012d7830, L_00000000012d7830, L_00000000012d7830;
LS_00000000012d7b50_0_12 .concat [ 1 1 1 1], L_00000000012d7830, L_00000000012d7830, L_00000000012d7830, L_00000000012d7830;
LS_00000000012d7b50_0_16 .concat [ 1 1 1 1], L_00000000012d7830, L_00000000012d7830, L_00000000012d7830, L_00000000012d7830;
LS_00000000012d7b50_0_20 .concat [ 1 0 0 0], L_00000000012d7830;
LS_00000000012d7b50_1_0 .concat [ 4 4 4 4], LS_00000000012d7b50_0_0, LS_00000000012d7b50_0_4, LS_00000000012d7b50_0_8, LS_00000000012d7b50_0_12;
LS_00000000012d7b50_1_4 .concat [ 4 1 0 0], LS_00000000012d7b50_0_16, LS_00000000012d7b50_0_20;
L_00000000012d7b50 .concat [ 16 5 0 0], LS_00000000012d7b50_1_0, LS_00000000012d7b50_1_4;
L_00000000012d7010 .part v00000000012d09a0_0, 23, 6;
L_00000000012d7290 .part v00000000012d09a0_0, 5, 5;
L_00000000012d7fb0 .concat [ 5 6 21 0], L_00000000012d7290, L_00000000012d7010, L_00000000012d7b50;
L_00000000012d8230 .part v00000000012d09a0_0, 29, 1;
LS_00000000012d7bf0_0_0 .concat [ 1 1 1 1], L_00000000012d8230, L_00000000012d8230, L_00000000012d8230, L_00000000012d8230;
LS_00000000012d7bf0_0_4 .concat [ 1 1 1 1], L_00000000012d8230, L_00000000012d8230, L_00000000012d8230, L_00000000012d8230;
LS_00000000012d7bf0_0_8 .concat [ 1 1 1 1], L_00000000012d8230, L_00000000012d8230, L_00000000012d8230, L_00000000012d8230;
LS_00000000012d7bf0_0_12 .concat [ 1 1 1 1], L_00000000012d8230, L_00000000012d8230, L_00000000012d8230, L_00000000012d8230;
LS_00000000012d7bf0_0_16 .concat [ 1 1 1 1], L_00000000012d8230, L_00000000012d8230, L_00000000012d8230, L_00000000012d8230;
LS_00000000012d7bf0_1_0 .concat [ 4 4 4 4], LS_00000000012d7bf0_0_0, LS_00000000012d7bf0_0_4, LS_00000000012d7bf0_0_8, LS_00000000012d7bf0_0_12;
LS_00000000012d7bf0_1_4 .concat [ 4 0 0 0], LS_00000000012d7bf0_0_16;
L_00000000012d7bf0 .concat [ 16 4 0 0], LS_00000000012d7bf0_1_0, LS_00000000012d7bf0_1_4;
L_00000000012d8370 .part v00000000012d09a0_0, 5, 1;
L_00000000012d7c90 .part v00000000012d09a0_0, 23, 6;
L_00000000012d8410 .part v00000000012d09a0_0, 6, 4;
LS_00000000012d84b0_0_0 .concat [ 1 4 6 1], L_00000000012da868, L_00000000012d8410, L_00000000012d7c90, L_00000000012d8370;
LS_00000000012d84b0_0_4 .concat [ 20 0 0 0], L_00000000012d7bf0;
L_00000000012d84b0 .concat [ 12 20 0 0], LS_00000000012d84b0_0_0, LS_00000000012d84b0_0_4;
L_00000000012d8690 .part v00000000012d09a0_0, 29, 1;
LS_00000000012d7510_0_0 .concat [ 1 1 1 1], L_00000000012d8690, L_00000000012d8690, L_00000000012d8690, L_00000000012d8690;
LS_00000000012d7510_0_4 .concat [ 1 1 1 1], L_00000000012d8690, L_00000000012d8690, L_00000000012d8690, L_00000000012d8690;
LS_00000000012d7510_0_8 .concat [ 1 1 1 1], L_00000000012d8690, L_00000000012d8690, L_00000000012d8690, L_00000000012d8690;
L_00000000012d7510 .concat [ 4 4 4 0], LS_00000000012d7510_0_0, LS_00000000012d7510_0_4, LS_00000000012d7510_0_8;
L_00000000012d71f0 .part v00000000012d09a0_0, 10, 8;
L_00000000012d7330 .part v00000000012d09a0_0, 18, 1;
L_00000000012d8550 .part v00000000012d09a0_0, 19, 10;
LS_00000000012d85f0_0_0 .concat [ 1 10 1 8], L_00000000012da8b0, L_00000000012d8550, L_00000000012d7330, L_00000000012d71f0;
LS_00000000012d85f0_0_4 .concat [ 12 0 0 0], L_00000000012d7510;
L_00000000012d85f0 .concat [ 20 12 0 0], LS_00000000012d85f0_0_0, LS_00000000012d85f0_0_4;
L_00000000012d73d0 .part v00000000012d09a0_0, 0, 5;
L_00000000012d7a10 .cmp/eq 5, L_00000000012d73d0, L_00000000012da8f8;
L_00000000012d75b0 .part v00000000012d09a0_0, 0, 5;
L_00000000012d76f0 .cmp/eq 5, L_00000000012d75b0, L_00000000012da940;
L_00000000012d7dd0 .part v00000000012d09a0_0, 0, 5;
L_00000000012d7d30 .cmp/eq 5, L_00000000012d7dd0, L_00000000012da988;
L_00000000012d8050 .part v00000000012d09a0_0, 0, 5;
L_00000000012d80f0 .cmp/eq 5, L_00000000012d8050, L_00000000012da9d0;
L_0000000001338b10 .part v00000000012d09a0_0, 0, 5;
L_00000000013393d0 .cmp/eq 5, L_0000000001338b10, L_00000000012daa18;
L_00000000013381b0 .part v00000000012d09a0_0, 1, 1;
L_00000000013396f0 .part v00000000012d09a0_0, 0, 5;
L_0000000001338e30 .cmp/eq 5, L_00000000013396f0, L_00000000012daa60;
L_0000000001339830 .part v00000000012d09a0_0, 0, 5;
L_0000000001339790 .cmp/eq 5, L_0000000001339830, L_00000000012daaa8;
L_0000000001337cb0 .part v00000000012d09a0_0, 0, 5;
L_0000000001338250 .cmp/eq 5, L_0000000001337cb0, L_00000000012daaf0;
L_0000000001338ed0 .part v00000000012d09a0_0, 0, 5;
L_00000000013390b0 .cmp/eq 5, L_0000000001338ed0, L_00000000012dab38;
L_0000000001337e90 .functor MUXZ 32, L_00000000012d7150, v00000000012ceba0_0, L_0000000001264360, C4<>;
L_0000000001339bf0 .reduce/or v00000000012cf500_0;
L_0000000001338f70 .arith/sum 32, L_0000000001265010, L_0000000001337e90;
L_0000000001338bb0 .concat [ 32 1 0 0], L_0000000001263f70, L_00000000012dab80;
L_0000000001338c50 .concat [ 32 1 0 0], L_0000000001265010, L_00000000012dabc8;
L_0000000001339470 .arith/sum 33, L_0000000001338bb0, L_0000000001338c50;
L_0000000001338a70 .arith/sum 33, L_0000000001339470, L_00000000012dac10;
L_0000000001339010 .part L_0000000001265010, 31, 1;
L_0000000001337b70 .part L_0000000001337e90, 31, 1;
L_0000000001337fd0 .part L_0000000001265010, 31, 1;
L_00000000013398d0 .part L_0000000001338a70, 32, 1;
L_0000000001338cf0 .functor MUXZ 1, L_00000000013398d0, L_0000000001337fd0, L_0000000001264600, C4<>;
L_0000000001337990 .part L_0000000001338a70, 32, 1;
L_00000000013378f0 .part L_0000000001338a70, 0, 32;
L_0000000001337f30 .cmp/eq 32, L_00000000013378f0, L_00000000012dac58;
L_0000000001338610 .part L_00000000012d7470, 0, 1;
L_0000000001339d30 .part v00000000012d09a0_0, 28, 1;
L_0000000001337d50 .part v00000000012d09a0_0, 3, 1;
L_0000000001337df0 .part L_0000000001338a70, 0, 32;
L_0000000001338930 .functor MUXZ 32, L_0000000001338f70, L_0000000001337df0, L_00000000012643d0, C4<>;
L_0000000001337c10 .functor MUXZ 32, L_00000000012daca0, L_0000000001338930, L_0000000001338610, C4<>;
L_0000000001339150 .part L_00000000012d7470, 2, 1;
L_0000000001338d90 .concat [ 1 31 0 0], L_0000000001338cf0, L_00000000012dace8;
L_0000000001338070 .functor MUXZ 32, L_00000000012dad30, L_0000000001338d90, L_0000000001339150, C4<>;
L_0000000001338390 .part L_00000000012d7470, 3, 1;
L_00000000013386b0 .concat [ 1 31 0 0], L_0000000001337990, L_00000000012dad78;
L_0000000001338110 .functor MUXZ 32, L_00000000012dadc0, L_00000000013386b0, L_0000000001338390, C4<>;
L_0000000001339970 .part L_00000000012d7470, 4, 1;
L_0000000001339c90 .functor MUXZ 32, L_00000000012dae08, L_0000000001264590, L_0000000001339970, C4<>;
L_0000000001339a10 .part L_00000000012d7470, 6, 1;
L_0000000001339ab0 .functor MUXZ 32, L_00000000012dae50, L_0000000001263950, L_0000000001339a10, C4<>;
L_0000000001338430 .part L_00000000012d7470, 7, 1;
L_0000000001339b50 .functor MUXZ 32, L_00000000012dae98, L_0000000001263aa0, L_0000000001338430, C4<>;
L_0000000001339dd0 .functor MUXZ 32, L_00000000012daee0, v00000000012d07c0_0, L_0000000001264830, C4<>;
L_0000000001339290 .part L_00000000012d7470, 1, 1;
L_0000000001339fb0 .part L_00000000012d7470, 5, 1;
L_00000000013391f0 .part L_00000000012d7470, 0, 1;
L_0000000001339e70 .part L_00000000012d7470, 1, 1;
L_0000000001339f10 .reduce/nor L_0000000001337f30;
L_0000000001339330 .part L_00000000012d7470, 4, 1;
L_00000000013395b0 .part L_00000000012d7470, 5, 1;
L_0000000001338570 .reduce/nor L_0000000001338cf0;
L_0000000001339510 .part L_00000000012d7470, 6, 1;
L_0000000001339650 .part L_00000000012d7470, 7, 1;
L_0000000001337850 .reduce/nor L_0000000001337990;
L_0000000001337a30 .arith/sum 32, v00000000011296a0_0, L_00000000012daf28;
L_0000000001337ad0 .part v00000000012d09a0_0, 1, 1;
L_00000000013382f0 .part v00000000012d09a0_0, 2, 1;
L_00000000013384d0 .functor MUXZ 32, L_00000000012d84b0, L_00000000012d7790, L_00000000013382f0, C4<>;
L_0000000001338750 .functor MUXZ 32, L_00000000013384d0, L_00000000012d85f0, L_0000000001337ad0, C4<>;
L_00000000013387f0 .arith/sum 32, v00000000011296a0_0, L_0000000001338750;
L_0000000001338890 .part v00000000012d09a0_0, 3, 1;
L_00000000013389d0 .functor MUXZ 32, L_00000000012d7150, L_00000000012d7fb0, L_0000000001338890, C4<>;
L_000000000133a050 .arith/sum 32, v00000000012cfd20_0, L_00000000013389d0;
L_000000000133a0f0 .part v00000000012cec40_0, 1, 1;
L_000000000133a230 .part v00000000012cec40_0, 0, 1;
L_000000000133a690 .functor MUXZ 32, L_000000000133a050, v00000000011296a0_0, L_0000000001264ec0, C4<>;
L_000000000133a410 .functor MUXZ 32, L_00000000012daf70, v00000000012cf780_0, L_00000000013393d0, C4<>;
L_000000000133a4b0 .functor MUXZ 32, L_00000000012dafb8, L_00000000012d7790, L_0000000001339790, C4<>;
L_000000000133a730 .functor MUXZ 32, L_00000000012db000, L_0000000001264a60, L_0000000001264980, C4<>;
L_000000000133a190 .functor MUXZ 32, L_00000000012db048, L_00000000013387f0, L_0000000001338250, C4<>;
L_000000000133a2d0 .functor MUXZ 32, L_00000000012db090, L_0000000001337a30, L_0000000001263e20, C4<>;
L_000000000133a370 .functor MUXZ 32, L_00000000012db0d8, L_0000000001334290, L_00000000012d7a10, C4<>;
L_000000000133a550 .part v00000000012d09a0_0, 10, 2;
L_000000000133a5f0 .cmp/eq 2, L_000000000133a550, L_00000000012db120;
L_0000000001332e90 .part v00000000012d09a0_0, 10, 2;
L_0000000001334830 .cmp/eq 2, L_0000000001332e90, L_00000000012db168;
L_0000000001332ad0 .part v00000000012d09a0_0, 12, 1;
L_00000000013334d0 .reduce/nor L_0000000001332ad0;
L_0000000001332b70 .part L_0000000001333ed0, 7, 1;
L_0000000001334010 .part L_0000000001333250, 15, 1;
L_0000000001333890 .functor MUXZ 1, L_0000000001334010, L_0000000001332b70, L_000000000133a5f0, C4<>;
LS_00000000013337f0_0_0 .concat [ 1 1 1 1], L_00000000012638e0, L_00000000012638e0, L_00000000012638e0, L_00000000012638e0;
LS_00000000013337f0_0_4 .concat [ 1 1 1 1], L_00000000012638e0, L_00000000012638e0, L_00000000012638e0, L_00000000012638e0;
LS_00000000013337f0_0_8 .concat [ 1 1 1 1], L_00000000012638e0, L_00000000012638e0, L_00000000012638e0, L_00000000012638e0;
LS_00000000013337f0_0_12 .concat [ 1 1 1 1], L_00000000012638e0, L_00000000012638e0, L_00000000012638e0, L_00000000012638e0;
LS_00000000013337f0_0_16 .concat [ 1 1 1 1], L_00000000012638e0, L_00000000012638e0, L_00000000012638e0, L_00000000012638e0;
LS_00000000013337f0_0_20 .concat [ 1 1 1 1], L_00000000012638e0, L_00000000012638e0, L_00000000012638e0, L_00000000012638e0;
LS_00000000013337f0_1_0 .concat [ 4 4 4 4], LS_00000000013337f0_0_0, LS_00000000013337f0_0_4, LS_00000000013337f0_0_8, LS_00000000013337f0_0_12;
LS_00000000013337f0_1_4 .concat [ 4 4 0 0], LS_00000000013337f0_0_16, LS_00000000013337f0_0_20;
L_00000000013337f0 .concat [ 16 8 0 0], LS_00000000013337f0_1_0, LS_00000000013337f0_1_4;
L_0000000001333750 .concat [ 8 24 0 0], L_0000000001333ed0, L_00000000013337f0;
LS_00000000013341f0_0_0 .concat [ 1 1 1 1], L_00000000012638e0, L_00000000012638e0, L_00000000012638e0, L_00000000012638e0;
LS_00000000013341f0_0_4 .concat [ 1 1 1 1], L_00000000012638e0, L_00000000012638e0, L_00000000012638e0, L_00000000012638e0;
LS_00000000013341f0_0_8 .concat [ 1 1 1 1], L_00000000012638e0, L_00000000012638e0, L_00000000012638e0, L_00000000012638e0;
LS_00000000013341f0_0_12 .concat [ 1 1 1 1], L_00000000012638e0, L_00000000012638e0, L_00000000012638e0, L_00000000012638e0;
L_00000000013341f0 .concat [ 4 4 4 4], LS_00000000013341f0_0_0, LS_00000000013341f0_0_4, LS_00000000013341f0_0_8, LS_00000000013341f0_0_12;
L_0000000001334650 .concat [ 16 16 0 0], L_0000000001333250, L_00000000013341f0;
L_00000000013340b0 .functor MUXZ 32, v00000000012d6070_0, L_0000000001334650, L_0000000001334830, C4<>;
L_0000000001334290 .functor MUXZ 32, L_00000000013340b0, L_0000000001333750, L_000000000133a5f0, C4<>;
L_0000000001333f70 .part L_000000000133a050, 1, 1;
L_0000000001334ab0 .part v00000000012d6070_0, 16, 16;
L_0000000001333930 .part v00000000012d6070_0, 0, 16;
L_0000000001333250 .functor MUXZ 16, L_0000000001333930, L_0000000001334ab0, L_0000000001333f70, C4<>;
L_0000000001332f30 .part L_000000000133a050, 0, 1;
L_0000000001334bf0 .part L_0000000001333250, 8, 8;
L_0000000001334150 .part L_0000000001333250, 0, 8;
L_0000000001333ed0 .functor MUXZ 8, L_0000000001334150, L_0000000001334bf0, L_0000000001332f30, C4<>;
L_0000000001332990 .part v00000000012ceba0_0, 0, 8;
L_0000000001333bb0 .part L_000000000133a050, 0, 1;
L_0000000001334330 .part v00000000012ceba0_0, 0, 8;
L_00000000013346f0 .part v00000000012ceba0_0, 8, 8;
L_0000000001333b10 .functor MUXZ 8, L_00000000013346f0, L_0000000001334330, L_0000000001333bb0, C4<>;
L_00000000013345b0 .part L_000000000133a050, 1, 1;
L_0000000001333570 .part v00000000012ceba0_0, 0, 8;
L_0000000001333a70 .part v00000000012ceba0_0, 16, 8;
L_0000000001333c50 .functor MUXZ 8, L_0000000001333a70, L_0000000001333570, L_00000000013345b0, C4<>;
L_0000000001332c10 .concat8 [ 8 8 8 8], L_0000000001332990, L_0000000001333b10, L_0000000001333c50, L_0000000001332850;
L_0000000001333390 .part L_000000000133a050, 0, 1;
L_0000000001333cf0 .part v00000000012ceba0_0, 0, 8;
L_00000000013348d0 .part L_000000000133a050, 1, 1;
L_00000000013336b0 .part v00000000012ceba0_0, 8, 8;
L_00000000013343d0 .part v00000000012ceba0_0, 24, 8;
L_0000000001332a30 .functor MUXZ 8, L_00000000013343d0, L_00000000013336b0, L_00000000013348d0, C4<>;
L_0000000001332850 .functor MUXZ 8, L_0000000001332a30, L_0000000001333cf0, L_0000000001333390, C4<>;
L_0000000001334470 .part L_000000000133a050, 1, 1;
L_00000000013339d0 .part L_000000000133a050, 0, 1;
L_0000000001332cb0 .functor MUXZ 4, L_00000000012db1f8, L_00000000012db1b0, L_00000000013339d0, C4<>;
L_0000000001334510 .part L_000000000133a050, 0, 1;
L_0000000001333d90 .functor MUXZ 4, L_00000000012db288, L_00000000012db240, L_0000000001334510, C4<>;
L_0000000001334b50 .functor MUXZ 4, L_0000000001333d90, L_0000000001332cb0, L_0000000001334470, C4<>;
L_0000000001334790 .part L_000000000133a050, 1, 1;
L_0000000001333e30 .functor MUXZ 4, L_00000000012db318, L_00000000012db2d0, L_0000000001334790, C4<>;
L_0000000001334c90 .functor MUXZ 4, L_00000000012db360, L_0000000001333e30, L_0000000001334830, C4<>;
L_0000000001334970 .functor MUXZ 4, L_0000000001334c90, L_0000000001334b50, L_000000000133a5f0, C4<>;
L_0000000001334a10 .part v00000000012cec40_0, 2, 1;
L_0000000001333070 .part v00000000012cec40_0, 3, 1;
L_0000000001333430 .part v00000000012cec40_0, 2, 1;
L_0000000001334d30 .part v00000000012cec40_0, 0, 1;
L_0000000001334dd0 .part v00000000012cec40_0, 2, 1;
L_0000000001334e70 .concat [ 1 1 1 1], L_00000000012652b0, L_00000000012652b0, L_00000000012652b0, L_00000000012652b0;
L_0000000001332d50 .part v00000000012cec40_0, 2, 1;
S_00000000011be060 .scope module, "uart_unit" "uart_ip" 3 78, 8 1 0, S_0000000001269a80;
 .timescale 0 0;
    .port_info 0 /INPUT 1 "clk";
    .port_info 1 /INPUT 1 "rst";
    .port_info 2 /INPUT 32 "waddr";
    .port_info 3 /INPUT 32 "wdata";
    .port_info 4 /INPUT 1 "wen";
    .port_info 5 /INPUT 4 "wstrb";
    .port_info 6 /OUTPUT 1 "wready";
    .port_info 7 /INPUT 32 "raddr";
    .port_info 8 /INPUT 1 "ren";
    .port_info 9 /OUTPUT 32 "rdata";
    .port_info 10 /OUTPUT 1 "rvalid";
    .port_info 11 /OUTPUT 1 "o_uart_tx";
P_00000000011d78f0 .param/l "ADDR_W" 0 8 2, +C4<00000000000000000000000000100000>;
P_00000000011d7928 .param/l "DATA_W" 0 8 3, +C4<00000000000000000000000000100000>;
P_00000000011d7960 .param/l "STRB_W" 0 8 4, +C4<00000000000000000000000000000100>;
L_000000000133fc30 .functor AND 1, L_00000000013366d0, v00000000012d64d0_0, C4<1>, C4<1>;
v00000000012d6f70_0 .net *"_ivl_1", 0 0, L_00000000013366d0;  1 drivers
v00000000012d48b0_0 .net "clk", 0 0, v00000000012d6b10_0;  alias, 1 drivers
v00000000012d4c70_0 .net "csr_u_ctrl_start_out", 0 0, L_0000000001245af0;  1 drivers
v00000000012d53f0_0 .net "csr_u_data_data_out", 7 0, L_0000000001245930;  1 drivers
v00000000012d49f0_0 .net "o_ready", 0 0, v00000000012d64d0_0;  1 drivers
v00000000012d4950_0 .var "o_ready_reg", 0 0;
v00000000012d5b70_0 .net "o_uart_tx", 0 0, L_0000000001340790;  alias, 1 drivers
v00000000012d50d0_0 .net "raddr", 31 0, L_00000000013372b0;  1 drivers
v00000000012d62f0_0 .net "rdata", 31 0, L_0000000001194bc0;  alias, 1 drivers
v00000000012d4810_0 .net "ren", 0 0, L_0000000001340870;  1 drivers
v00000000012d5f30_0 .net "rst", 0 0, L_0000000001337210;  1 drivers
v00000000012d6a70_0 .net "rvalid", 0 0, L_00000000011d8100;  1 drivers
v00000000012d5710_0 .net "waddr", 31 0, L_0000000001335c30;  1 drivers
v00000000012d5210_0 .net "wdata", 31 0, L_0000000001332c10;  alias, 1 drivers
v00000000012d52b0_0 .net "wen", 0 0, L_0000000001340020;  1 drivers
L_00000000012db900 .functor BUFT 1, C4<1>, C4<0>, C4<0>, C4<0>;
v00000000012d4e50_0 .net "wready", 0 0, L_00000000012db900;  1 drivers
v00000000012d6c50_0 .net "wstrb", 3 0, L_0000000001265320;  alias, 1 drivers
L_00000000013366d0 .reduce/nor v00000000012d4950_0;
S_00000000011be2c0 .scope module, "uart_regs_interface_u0" "regs_uart" 8 38, 9 3 0, S_00000000011be060;
 .timescale 0 0;
    .port_info 0 /INPUT 1 "clk";
    .port_info 1 /INPUT 1 "rst";
    .port_info 2 /OUTPUT 8 "csr_u_data_data_out";
    .port_info 3 /INPUT 1 "csr_u_stat_ready_in";
    .port_info 4 /INPUT 1 "csr_u_stat_tx_done_in";
    .port_info 5 /OUTPUT 1 "csr_u_ctrl_start_out";
    .port_info 6 /INPUT 32 "waddr";
    .port_info 7 /INPUT 32 "wdata";
    .port_info 8 /INPUT 1 "wen";
    .port_info 9 /INPUT 4 "wstrb";
    .port_info 10 /OUTPUT 1 "wready";
    .port_info 11 /INPUT 32 "raddr";
    .port_info 12 /INPUT 1 "ren";
    .port_info 13 /OUTPUT 32 "rdata";
    .port_info 14 /OUTPUT 1 "rvalid";
P_0000000001143bf0 .param/l "ADDR_W" 0 9 4, +C4<00000000000000000000000000100000>;
P_0000000001143c28 .param/l "DATA_W" 0 9 5, +C4<00000000000000000000000000100000>;
P_0000000001143c60 .param/l "STRB_W" 0 9 6, +C4<00000000000000000000000000000100>;
L_0000000001246500 .functor AND 1, L_0000000001340020, L_0000000001335870, C4<1>, C4<1>;
L_0000000001245700 .functor AND 1, L_0000000001340870, L_0000000001337530, C4<1>, C4<1>;
L_00000000012462d0 .functor BUFZ 8, v00000000012d1ee0_0, C4<00000000>, C4<00000000>, C4<00000000>;
L_0000000001245930 .functor BUFZ 8, v00000000012d1ee0_0, C4<00000000>, C4<00000000>, C4<00000000>;
L_0000000001245e00 .functor AND 1, L_0000000001340020, L_0000000001335cd0, C4<1>, C4<1>;
L_0000000001246420 .functor AND 1, L_0000000001340870, L_00000000013377b0, C4<1>, C4<1>;
L_00000000012459a0 .functor AND 1, L_0000000001340020, L_00000000013370d0, C4<1>, C4<1>;
L_0000000001245af0 .functor BUFZ 1, v00000000012d0fe0_0, C4<0>, C4<0>, C4<0>;
L_0000000001194bc0 .functor BUFZ 32, v00000000012d1bc0_0, C4<00000000000000000000000000000000>, C4<00000000000000000000000000000000>, C4<00000000000000000000000000000000>;
L_00000000011d8100 .functor BUFZ 1, v00000000012d6570_0, C4<0>, C4<0>, C4<0>;
L_00000000012db630 .functor BUFT 1, C4<00000000000000000000000000000000>, C4<0>, C4<0>, C4<0>;
v00000000012cece0_0 .net/2u *"_ivl_10", 31 0, L_00000000012db630;  1 drivers
v00000000012ced80_0 .net *"_ivl_12", 0 0, L_0000000001337530;  1 drivers
L_00000000012db5a0 .functor BUFT 1, C4<000000000000000000000000>, C4<0>, C4<0>, C4<0>;
v00000000012cfdc0_0 .net/2u *"_ivl_2", 23 0, L_00000000012db5a0;  1 drivers
v00000000012cfe60_0 .net *"_ivl_20", 7 0, L_00000000012462d0;  1 drivers
L_00000000012db678 .functor BUFT 1, C4<00000>, C4<0>, C4<0>, C4<0>;
v00000000012cff00_0 .net/2u *"_ivl_25", 4 0, L_00000000012db678;  1 drivers
L_00000000012db6c0 .functor BUFT 1, C4<0000000>, C4<0>, C4<0>, C4<0>;
v00000000012cffa0_0 .net/2u *"_ivl_29", 6 0, L_00000000012db6c0;  1 drivers
L_00000000012db708 .functor BUFT 1, C4<000000000000000000>, C4<0>, C4<0>, C4<0>;
v00000000012d13a0_0 .net/2u *"_ivl_33", 17 0, L_00000000012db708;  1 drivers
L_00000000012db750 .functor BUFT 1, C4<00000000000000000000000000000100>, C4<0>, C4<0>, C4<0>;
v00000000012d2200_0 .net/2u *"_ivl_35", 31 0, L_00000000012db750;  1 drivers
v00000000012d1260_0 .net *"_ivl_37", 0 0, L_0000000001335cd0;  1 drivers
L_00000000012db5e8 .functor BUFT 1, C4<00000000000000000000000000000000>, C4<0>, C4<0>, C4<0>;
v00000000012d1d00_0 .net/2u *"_ivl_4", 31 0, L_00000000012db5e8;  1 drivers
L_00000000012db798 .functor BUFT 1, C4<00000000000000000000000000000100>, C4<0>, C4<0>, C4<0>;
v00000000012d22a0_0 .net/2u *"_ivl_41", 31 0, L_00000000012db798;  1 drivers
v00000000012d1c60_0 .net *"_ivl_43", 0 0, L_00000000013377b0;  1 drivers
v00000000012d1940_0 .net *"_ivl_50", 0 0, v00000000012d1580_0;  1 drivers
v00000000012d14e0_0 .net *"_ivl_55", 0 0, v00000000012d1300_0;  1 drivers
L_00000000012db7e0 .functor BUFT 1, C4<000000000>, C4<0>, C4<0>, C4<0>;
v00000000012d2660_0 .net/2u *"_ivl_58", 8 0, L_00000000012db7e0;  1 drivers
v00000000012d2340_0 .net *"_ivl_6", 0 0, L_0000000001335870;  1 drivers
L_00000000012db828 .functor BUFT 1, C4<0000000000000000000000>, C4<0>, C4<0>, C4<0>;
v00000000012d18a0_0 .net/2u *"_ivl_62", 21 0, L_00000000012db828;  1 drivers
L_00000000012db870 .functor BUFT 1, C4<00000000000000000000000000001000>, C4<0>, C4<0>, C4<0>;
v00000000012d23e0_0 .net/2u *"_ivl_64", 31 0, L_00000000012db870;  1 drivers
v00000000012d25c0_0 .net *"_ivl_66", 0 0, L_00000000013370d0;  1 drivers
L_00000000012db8b8 .functor BUFT 1, C4<0>, C4<0>, C4<0>, C4<0>;
v00000000012d1800_0 .net/2u *"_ivl_73", 0 0, L_00000000012db8b8;  1 drivers
v00000000012d2520_0 .net "clk", 0 0, v00000000012d6b10_0;  alias, 1 drivers
v00000000012d2160_0 .net "csr_u_ctrl_rdata", 31 0, L_0000000001335d70;  1 drivers
v00000000012d0fe0_0 .var "csr_u_ctrl_start_ff", 0 0;
v00000000012d1e40_0 .net "csr_u_ctrl_start_out", 0 0, L_0000000001245af0;  alias, 1 drivers
v00000000012d20c0_0 .net "csr_u_ctrl_wen", 0 0, L_00000000012459a0;  1 drivers
v00000000012d1ee0_0 .var "csr_u_data_data_ff", 7 0;
v00000000012d1f80_0 .net "csr_u_data_data_out", 7 0, L_0000000001245930;  alias, 1 drivers
v00000000012d2480_0 .net "csr_u_data_rdata", 31 0, L_0000000001336950;  1 drivers
v00000000012d1080_0 .net "csr_u_data_ren", 0 0, L_0000000001245700;  1 drivers
v00000000012d19e0_0 .var "csr_u_data_ren_ff", 0 0;
v00000000012d2020_0 .net "csr_u_data_wen", 0 0, L_0000000001246500;  1 drivers
v00000000012d1a80_0 .net "csr_u_stat_rdata", 31 0, L_0000000001335eb0;  1 drivers
v00000000012d1580_0 .var "csr_u_stat_ready_ff", 0 0;
v00000000012d1b20_0 .net "csr_u_stat_ready_in", 0 0, v00000000012d64d0_0;  alias, 1 drivers
v00000000012d1120_0 .net "csr_u_stat_ren", 0 0, L_0000000001246420;  1 drivers
v00000000012d1760_0 .var "csr_u_stat_ren_ff", 0 0;
v00000000012d1300_0 .var "csr_u_stat_tx_done_ff", 0 0;
v00000000012d11c0_0 .net "csr_u_stat_tx_done_in", 0 0, L_000000000133fc30;  1 drivers
v00000000012d1440_0 .net "csr_u_stat_wen", 0 0, L_0000000001245e00;  1 drivers
v00000000012d16c0_0 .net "raddr", 31 0, L_00000000013372b0;  alias, 1 drivers
v00000000012d1620_0 .net "rdata", 31 0, L_0000000001194bc0;  alias, 1 drivers
v00000000012d1bc0_0 .var "rdata_ff", 31 0;
v00000000012d1da0_0 .net "ren", 0 0, L_0000000001340870;  alias, 1 drivers
v00000000012d5030_0 .net "rst", 0 0, L_0000000001337210;  alias, 1 drivers
v00000000012d5cb0_0 .net "rvalid", 0 0, L_00000000011d8100;  alias, 1 drivers
v00000000012d6570_0 .var "rvalid_ff", 0 0;
v00000000012d5530_0 .net "waddr", 31 0, L_0000000001335c30;  alias, 1 drivers
v00000000012d5d50_0 .net "wdata", 31 0, L_0000000001332c10;  alias, 1 drivers
v00000000012d6d90_0 .net "wen", 0 0, L_0000000001340020;  alias, 1 drivers
v00000000012d5df0_0 .net "wready", 0 0, L_00000000012db900;  alias, 1 drivers
v00000000012d6750_0 .net "wstrb", 3 0, L_0000000001265320;  alias, 1 drivers
L_0000000001335870 .cmp/eq 32, L_0000000001335c30, L_00000000012db5e8;
L_0000000001337530 .cmp/eq 32, L_00000000013372b0, L_00000000012db630;
L_0000000001336950 .concat8 [ 8 24 0 0], L_00000000012462d0, L_00000000012db5a0;
L_0000000001335cd0 .cmp/eq 32, L_0000000001335c30, L_00000000012db750;
L_00000000013377b0 .cmp/eq 32, L_00000000013372b0, L_00000000012db798;
LS_0000000001335eb0_0_0 .concat8 [ 5 1 7 1], L_00000000012db678, v00000000012d1580_0, L_00000000012db6c0, v00000000012d1300_0;
LS_0000000001335eb0_0_4 .concat8 [ 18 0 0 0], L_00000000012db708;
L_0000000001335eb0 .concat8 [ 14 18 0 0], LS_0000000001335eb0_0_0, LS_0000000001335eb0_0_4;
L_00000000013370d0 .cmp/eq 32, L_0000000001335c30, L_00000000012db870;
L_0000000001335d70 .concat8 [ 9 1 22 0], L_00000000012db7e0, L_00000000012db8b8, L_00000000012db828;
S_00000000011ea950 .scope module, "uart_transmitter_u1" "uart_tx" 8 59, 10 10 0, S_00000000011be060;
 .timescale 0 0;
    .port_info 0 /INPUT 1 "i_clk";
    .port_info 1 /INPUT 1 "i_rst";
    .port_info 2 /INPUT 8 "i_data";
    .port_info 3 /INPUT 1 "i_valid";
    .port_info 4 /OUTPUT 1 "o_ready";
    .port_info 5 /OUTPUT 1 "o_uart_tx";
P_00000000011a4960 .param/l "START_VALUE" 1 10 27, +C4<0000000000000000000000000000000000000000000000000000001101100100>;
P_00000000011a4998 .param/l "WIDTH" 1 10 29, +C4<00000000000000000000000000001010>;
P_00000000011a49d0 .param/l "baud_rate" 0 10 13, +C4<00000000000000011100001000000000>;
P_00000000011a4a08 .param/l "clk_freq_hz" 0 10 12, +C4<0000000000000000000000000000000000000101111101011110000100000000>;
L_0000000001340790 .functor OR 1, L_0000000001335b90, L_00000000013375d0, C4<0>, C4<0>;
v00000000012d6cf0_0 .net *"_ivl_1", 0 0, L_0000000001335b90;  1 drivers
v00000000012d5670_0 .net *"_ivl_3", 0 0, L_0000000001336a90;  1 drivers
v00000000012d6ed0_0 .net *"_ivl_5", 0 0, L_00000000013375d0;  1 drivers
v00000000012d4db0_0 .var "cnt", 10 0;
v00000000012d5ad0_0 .var "data", 9 0;
v00000000012d5350_0 .net "i_clk", 0 0, v00000000012d6b10_0;  alias, 1 drivers
v00000000012d4bd0_0 .net "i_data", 7 0, L_0000000001245930;  alias, 1 drivers
v00000000012d55d0_0 .net "i_rst", 0 0, L_0000000001337210;  alias, 1 drivers
v00000000012d67f0_0 .net "i_valid", 0 0, L_0000000001245af0;  alias, 1 drivers
v00000000012d64d0_0 .var "o_ready", 0 0;
v00000000012d4b30_0 .net "o_uart_tx", 0 0, L_0000000001340790;  alias, 1 drivers
L_0000000001335b90 .part v00000000012d5ad0_0, 0, 1;
L_0000000001336a90 .reduce/or v00000000012d5ad0_0;
L_00000000013375d0 .reduce/nor L_0000000001336a90;
    .scope S_00000000011e5160;
T_0 ;
    %pushi/vec4 0, 0, 32;
    %store/vec4 v00000000012663b0_0, 0, 32;
T_0.0 ;
    %load/vec4 v00000000012663b0_0;
    %cmpi/s 1024, 0, 32;
    %jmp/0xz T_0.1, 5;
    %pushi/vec4 0, 0, 32;
    %ix/getv/s 4, v00000000012663b0_0;
    %store/vec4a v00000000012670d0, 4, 0;
    %load/vec4 v00000000012663b0_0;
    %addi 1, 0, 32;
    %store/vec4 v00000000012663b0_0, 0, 32;
    %jmp T_0.0;
T_0.1 ;
    %vpi_call 4 19 "$readmemh", P_00000000011cfbf0, v00000000012670d0 {0 0 0};
    %end;
    .thread T_0;
    .scope S_00000000011e5160;
T_1 ;
    %wait E_000000000123be10;
    %load/vec4 v0000000001265910_0;
    %parti/s 1, 0, 2;
    %flag_set/vec4 8;
    %jmp/0xz  T_1.0, 8;
    %load/vec4 v00000000012677b0_0;
    %parti/s 8, 0, 2;
    %ix/getv 3, v00000000012664f0_0;
    %ix/load 4, 0, 0; Constant delay
    %assign/vec4/a/d v00000000012670d0, 0, 4;
T_1.0 ;
    %load/vec4 v0000000001265910_0;
    %parti/s 1, 1, 2;
    %flag_set/vec4 8;
    %jmp/0xz  T_1.2, 8;
    %load/vec4 v00000000012677b0_0;
    %parti/s 8, 8, 5;
    %ix/getv 3, v00000000012664f0_0;
    %ix/load 4, 8, 0; part off
    %ix/load 5, 0, 0; Constant delay
    %assign/vec4/a/d v00000000012670d0, 4, 5;
T_1.2 ;
    %load/vec4 v0000000001265910_0;
    %parti/s 1, 2, 3;
    %flag_set/vec4 8;
    %jmp/0xz  T_1.4, 8;
    %load/vec4 v00000000012677b0_0;
    %parti/s 8, 16, 6;
    %ix/getv 3, v00000000012664f0_0;
    %ix/load 4, 16, 0; part off
    %ix/load 5, 0, 0; Constant delay
    %assign/vec4/a/d v00000000012670d0, 4, 5;
T_1.4 ;
    %load/vec4 v0000000001265910_0;
    %parti/s 1, 3, 3;
    %flag_set/vec4 8;
    %jmp/0xz  T_1.6, 8;
    %load/vec4 v00000000012677b0_0;
    %parti/s 8, 24, 6;
    %ix/getv 3, v00000000012664f0_0;
    %ix/load 4, 24, 0; part off
    %ix/load 5, 0, 0; Constant delay
    %assign/vec4/a/d v00000000012670d0, 4, 5;
T_1.6 ;
    %jmp T_1;
    .thread T_1;
    .scope S_00000000011e5160;
T_2 ;
    %wait E_000000000123be10;
    %load/vec4 v00000000012661d0_0;
    %flag_set/vec4 8;
    %jmp/0xz  T_2.0, 8;
    %ix/getv 4, v00000000012664f0_0;
    %load/vec4a v00000000012670d0, 4;
    %assign/vec4 v0000000001267170_0, 0;
T_2.0 ;
    %jmp T_2;
    .thread T_2;
    .scope S_00000000011d74f0;
T_3 ;
    %wait E_000000000123be10;
    %load/vec4 v00000000012d05e0_0;
    %flag_set/vec4 8;
    %jmp/0xz  T_3.0, 8;
    %load/vec4 v00000000012d0540_0;
    %pad/u 32;
    %cmpi/ne 0, 0, 32;
    %jmp/0xz  T_3.2, 4;
    %load/vec4 v00000000012d0680_0;
    %load/vec4 v00000000012d0540_0;
    %pad/u 7;
    %ix/vec4 3;
    %ix/load 4, 0, 0; Constant delay
    %assign/vec4/a/d v00000000012cfc80, 0, 4;
T_3.2 ;
T_3.0 ;
    %jmp T_3;
    .thread T_3;
    .scope S_00000000011d74f0;
T_4 ;
    %wait E_000000000123be10;
    %load/vec4 v00000000012d0040_0;
    %flag_set/vec4 8;
    %jmp/0xz  T_4.0, 8;
    %load/vec4 v00000000012cf8c0_0;
    %flag_set/vec4 8;
    %jmp/0xz  T_4.2, 8;
    %load/vec4 v00000000012d0860_0;
    %assign/vec4 v00000000012d07c0_0, 0;
    %load/vec4 v00000000012cf0a0_0;
    %parti/s 5, 0, 2;
    %assign/vec4 v00000000012cf500_0, 0;
T_4.2 ;
T_4.0 ;
    %load/vec4 v00000000012cf500_0;
    %or/r;
    %flag_set/vec4 8;
    %jmp/0xz  T_4.4, 8;
    %load/vec4 v00000000012cf500_0;
    %subi 1, 0, 5;
    %assign/vec4 v00000000012cf500_0, 0;
    %load/vec4 v00000000012cfaa0_0;
    %parti/s 1, 1, 2;
    %flag_set/vec4 8;
    %jmp/0 T_4.6, 8;
    %load/vec4 v00000000012d07c0_0;
    %ix/load 4, 1, 0;
    %flag_set/imm 4, 0;
    %shiftl 4;
    %jmp/1 T_4.7, 8;
T_4.6 ; End of true expr.
    %load/vec4 v00000000012d09a0_0;
    %parti/s 1, 28, 6;
    %load/vec4 v00000000012d07c0_0;
    %parti/s 1, 31, 6;
    %and;
    %load/vec4 v00000000012d07c0_0;
    %parti/s 31, 1, 2;
    %concat/vec4; draw_concat_vec4
    %jmp/0 T_4.7, 8;
 ; End of false expr.
    %blend;
T_4.7;
    %assign/vec4 v00000000012d07c0_0, 0;
T_4.4 ;
    %jmp T_4;
    .thread T_4;
    .scope S_00000000011d74f0;
T_5 ;
    %wait E_000000000123be10;
    %load/vec4 v00000000012cf640_0;
    %nor/r;
    %flag_set/vec4 8;
    %jmp/0xz  T_5.0, 8;
    %pushi/vec4 8, 0, 4;
    %assign/vec4 v00000000012cec40_0, 0;
    %pushi/vec4 0, 0, 32;
    %assign/vec4 v00000000011296a0_0, 0;
    %jmp T_5.1;
T_5.0 ;
    %pushi/vec4 1, 0, 1;
    %dup/vec4;
    %load/vec4 v00000000012cec40_0;
    %parti/s 1, 1, 2;
    %cmp/u;
    %jmp/1 T_5.2, 6;
    %dup/vec4;
    %load/vec4 v00000000012cec40_0;
    %parti/s 1, 2, 3;
    %cmp/u;
    %jmp/1 T_5.3, 6;
    %dup/vec4;
    %load/vec4 v00000000012cec40_0;
    %parti/s 1, 3, 3;
    %cmp/u;
    %jmp/1 T_5.4, 6;
    %pushi/vec4 2, 0, 4;
    %assign/vec4 v00000000012cec40_0, 0;
    %jmp T_5.6;
T_5.2 ;
    %load/vec4 v00000000012cf320_0;
    %nor/r;
    %flag_set/vec4 8;
    %jmp/0xz  T_5.7, 8;
    %load/vec4 v00000000012cf3c0_0;
    %parti/s 5, 15, 5;
    %pad/u 7;
    %ix/vec4 4;
    %load/vec4a v00000000012cfc80, 4;
    %assign/vec4 v00000000012cfd20_0, 0;
    %load/vec4 v00000000012cf3c0_0;
    %parti/s 5, 20, 6;
    %pad/u 7;
    %ix/vec4 4;
    %load/vec4a v00000000012cfc80, 4;
    %assign/vec4 v00000000012ceba0_0, 0;
    %load/vec4 v00000000012cf3c0_0;
    %parti/s 30, 2, 3;
    %assign/vec4 v00000000012d09a0_0, 0;
    %pushi/vec4 4, 0, 4;
    %assign/vec4 v00000000012cec40_0, 0;
T_5.7 ;
    %jmp T_5.6;
T_5.3 ;
    %load/vec4 v00000000012d0cc0_0;
    %flag_set/vec4 8;
    %jmp/0 T_5.9, 8;
    %load/vec4 v00000000012d0180_0;
    %parti/s 31, 1, 2;
    %concati/vec4 0, 0, 1;
    %jmp/1 T_5.10, 8;
T_5.9 ; End of true expr.
    %load/vec4 v00000000012cef60_0;
    %flag_set/vec4 9;
    %jmp/0 T_5.11, 9;
    %load/vec4 v00000000012be7c0_0;
    %jmp/1 T_5.12, 9;
T_5.11 ; End of true expr.
    %load/vec4 v00000000012bfda0_0;
    %jmp/0 T_5.12, 9;
 ; End of false expr.
    %blend;
T_5.12;
    %jmp/0 T_5.10, 8;
 ; End of false expr.
    %blend;
T_5.10;
    %assign/vec4 v00000000011296a0_0, 0;
    %load/vec4 v00000000012ceb00_0;
    %flag_set/vec4 8;
    %jmp/0 T_5.13, 8;
    %pushi/vec4 8, 0, 35;
    %jmp/1 T_5.14, 8;
T_5.13 ; End of true expr.
    %pushi/vec4 1, 0, 35;
    %jmp/0 T_5.14, 8;
 ; End of false expr.
    %blend;
T_5.14;
    %pad/s 4;
    %assign/vec4 v00000000012cec40_0, 0;
    %jmp T_5.6;
T_5.4 ;
    %load/vec4 v00000000012d0e00_0;
    %nor/r;
    %load/vec4 v00000000012cf320_0;
    %nor/r;
    %and;
    %load/vec4 v00000000012cf460_0;
    %nor/r;
    %and;
    %flag_set/vec4 8;
    %jmp/0xz  T_5.15, 8;
    %pushi/vec4 1, 0, 4;
    %assign/vec4 v00000000012cec40_0, 0;
T_5.15 ;
    %jmp T_5.6;
T_5.6 ;
    %pop/vec4 1;
T_5.1 ;
    %jmp T_5;
    .thread T_5;
    .scope S_00000000011d74f0;
T_6 ;
    %wait E_000000000123be10;
    %load/vec4 v00000000012cf780_0;
    %addi 1, 0, 32;
    %assign/vec4 v00000000012cf780_0, 0;
    %jmp T_6;
    .thread T_6;
    .scope S_00000000011d74f0;
T_7 ;
    %pushi/vec4 0, 0, 32;
    %store/vec4 v00000000012cf780_0, 0, 32;
    %pushi/vec4 0, 0, 5;
    %store/vec4 v00000000012cf500_0, 0, 5;
    %pushi/vec4 0, 0, 32;
    %ix/load 4, 0, 0;
    %flag_set/imm 4, 0;
    %store/vec4a v00000000012cfc80, 4, 0;
    %end;
    .thread T_7;
    .scope S_00000000011e5480;
T_8 ;
    %wait E_000000000123be10;
    %load/vec4 v0000000001266f90_0;
    %flag_set/vec4 8;
    %jmp/0xz  T_8.0, 8;
    %pushi/vec4 0, 0, 1;
    %assign/vec4 v0000000001266130_0, 0;
    %jmp T_8.1;
T_8.0 ;
    %load/vec4 v0000000001267490_0;
    %assign/vec4 v0000000001266130_0, 0;
T_8.1 ;
    %jmp T_8;
    .thread T_8;
    .scope S_00000000011e5480;
T_9 ;
    %wait E_000000000123be10;
    %load/vec4 v0000000001266f90_0;
    %flag_set/vec4 8;
    %jmp/0xz  T_9.0, 8;
    %pushi/vec4 0, 0, 32;
    %assign/vec4 v0000000001266310_0, 0;
    %jmp T_9.1;
T_9.0 ;
    %load/vec4 v0000000001266810_0;
    %flag_set/vec4 8;
    %jmp/0xz  T_9.2, 8;
    %load/vec4 v000000000124e2e0_0;
    %parti/s 1, 0, 2;
    %flag_set/vec4 8;
    %jmp/0xz  T_9.4, 8;
    %load/vec4 v000000000124dc00_0;
    %parti/s 8, 0, 2;
    %ix/load 4, 0, 0;
    %ix/load 5, 0, 0;
    %flag_set/imm 4, 0;
    %assign/vec4/off/d v0000000001266310_0, 4, 5;
T_9.4 ;
    %load/vec4 v000000000124e2e0_0;
    %parti/s 1, 1, 2;
    %flag_set/vec4 8;
    %jmp/0xz  T_9.6, 8;
    %load/vec4 v000000000124dc00_0;
    %parti/s 8, 8, 5;
    %ix/load 4, 8, 0;
    %ix/load 5, 0, 0;
    %flag_set/imm 4, 0;
    %assign/vec4/off/d v0000000001266310_0, 4, 5;
T_9.6 ;
    %load/vec4 v000000000124e2e0_0;
    %parti/s 1, 2, 3;
    %flag_set/vec4 8;
    %jmp/0xz  T_9.8, 8;
    %load/vec4 v000000000124dc00_0;
    %parti/s 8, 16, 6;
    %ix/load 4, 16, 0;
    %ix/load 5, 0, 0;
    %flag_set/imm 4, 0;
    %assign/vec4/off/d v0000000001266310_0, 4, 5;
T_9.8 ;
    %load/vec4 v000000000124e2e0_0;
    %parti/s 1, 3, 3;
    %flag_set/vec4 8;
    %jmp/0xz  T_9.10, 8;
    %load/vec4 v000000000124dc00_0;
    %parti/s 8, 24, 6;
    %ix/load 4, 24, 0;
    %ix/load 5, 0, 0;
    %flag_set/imm 4, 0;
    %assign/vec4/off/d v0000000001266310_0, 4, 5;
T_9.10 ;
    %jmp T_9.3;
T_9.2 ;
    %load/vec4 v0000000001266310_0;
    %assign/vec4 v0000000001266310_0, 0;
T_9.3 ;
T_9.1 ;
    %jmp T_9;
    .thread T_9;
    .scope S_00000000011e5480;
T_10 ;
    %wait E_000000000123be10;
    %load/vec4 v0000000001266f90_0;
    %flag_set/vec4 8;
    %jmp/0xz  T_10.0, 8;
    %pushi/vec4 0, 0, 32;
    %assign/vec4 v0000000001266b30_0, 0;
    %jmp T_10.1;
T_10.0 ;
    %load/vec4 v0000000001266e50_0;
    %flag_set/vec4 8;
    %jmp/0xz  T_10.2, 8;
    %load/vec4 v00000000012668b0_0;
    %dup/vec4;
    %pushi/vec4 0, 0, 32;
    %cmp/u;
    %jmp/1 T_10.4, 6;
    %pushi/vec4 0, 0, 32;
    %assign/vec4 v0000000001266b30_0, 0;
    %jmp T_10.6;
T_10.4 ;
    %load/vec4 v0000000001266c70_0;
    %assign/vec4 v0000000001266b30_0, 0;
    %jmp T_10.6;
T_10.6 ;
    %pop/vec4 1;
    %jmp T_10.3;
T_10.2 ;
    %pushi/vec4 0, 0, 32;
    %assign/vec4 v0000000001266b30_0, 0;
T_10.3 ;
T_10.1 ;
    %jmp T_10;
    .thread T_10;
    .scope S_00000000011e5480;
T_11 ;
    %wait E_000000000123be10;
    %load/vec4 v0000000001266f90_0;
    %flag_set/vec4 8;
    %jmp/0xz  T_11.0, 8;
    %pushi/vec4 0, 0, 1;
    %assign/vec4 v000000000124da20_0, 0;
    %jmp T_11.1;
T_11.0 ;
    %load/vec4 v0000000001266e50_0;
    %load/vec4 v000000000124d700_0;
    %and;
    %flag_set/vec4 8;
    %jmp/0xz  T_11.2, 8;
    %pushi/vec4 0, 0, 1;
    %assign/vec4 v000000000124da20_0, 0;
    %jmp T_11.3;
T_11.2 ;
    %load/vec4 v0000000001266e50_0;
    %flag_set/vec4 8;
    %jmp/0xz  T_11.4, 8;
    %pushi/vec4 1, 0, 1;
    %assign/vec4 v000000000124da20_0, 0;
T_11.4 ;
T_11.3 ;
T_11.1 ;
    %jmp T_11;
    .thread T_11;
    .scope S_00000000011be2c0;
T_12 ;
    %wait E_000000000123be10;
    %load/vec4 v00000000012d5030_0;
    %flag_set/vec4 8;
    %jmp/0xz  T_12.0, 8;
    %pushi/vec4 0, 0, 1;
    %assign/vec4 v00000000012d19e0_0, 0;
    %jmp T_12.1;
T_12.0 ;
    %load/vec4 v00000000012d1080_0;
    %assign/vec4 v00000000012d19e0_0, 0;
T_12.1 ;
    %jmp T_12;
    .thread T_12;
    .scope S_00000000011be2c0;
T_13 ;
    %wait E_000000000123be10;
    %load/vec4 v00000000012d5030_0;
    %flag_set/vec4 8;
    %jmp/0xz  T_13.0, 8;
    %pushi/vec4 0, 0, 8;
    %assign/vec4 v00000000012d1ee0_0, 0;
    %jmp T_13.1;
T_13.0 ;
    %load/vec4 v00000000012d2020_0;
    %flag_set/vec4 8;
    %jmp/0xz  T_13.2, 8;
    %load/vec4 v00000000012d6750_0;
    %parti/s 1, 0, 2;
    %flag_set/vec4 8;
    %jmp/0xz  T_13.4, 8;
    %load/vec4 v00000000012d5d50_0;
    %parti/s 8, 0, 2;
    %assign/vec4 v00000000012d1ee0_0, 0;
T_13.4 ;
    %jmp T_13.3;
T_13.2 ;
    %load/vec4 v00000000012d1ee0_0;
    %assign/vec4 v00000000012d1ee0_0, 0;
T_13.3 ;
T_13.1 ;
    %jmp T_13;
    .thread T_13;
    .scope S_00000000011be2c0;
T_14 ;
    %wait E_000000000123be10;
    %load/vec4 v00000000012d5030_0;
    %flag_set/vec4 8;
    %jmp/0xz  T_14.0, 8;
    %pushi/vec4 0, 0, 1;
    %assign/vec4 v00000000012d1760_0, 0;
    %jmp T_14.1;
T_14.0 ;
    %load/vec4 v00000000012d1120_0;
    %assign/vec4 v00000000012d1760_0, 0;
T_14.1 ;
    %jmp T_14;
    .thread T_14;
    .scope S_00000000011be2c0;
T_15 ;
    %wait E_000000000123be10;
    %load/vec4 v00000000012d5030_0;
    %flag_set/vec4 8;
    %jmp/0xz  T_15.0, 8;
    %pushi/vec4 1, 0, 1;
    %assign/vec4 v00000000012d1580_0, 0;
    %jmp T_15.1;
T_15.0 ;
    %load/vec4 v00000000012d1b20_0;
    %assign/vec4 v00000000012d1580_0, 0;
T_15.1 ;
    %jmp T_15;
    .thread T_15;
    .scope S_00000000011be2c0;
T_16 ;
    %wait E_000000000123be10;
    %load/vec4 v00000000012d5030_0;
    %flag_set/vec4 8;
    %jmp/0xz  T_16.0, 8;
    %pushi/vec4 0, 0, 1;
    %assign/vec4 v00000000012d1300_0, 0;
    %jmp T_16.1;
T_16.0 ;
    %load/vec4 v00000000012d1120_0;
    %load/vec4 v00000000012d1760_0;
    %nor/r;
    %and;
    %flag_set/vec4 8;
    %jmp/0xz  T_16.2, 8;
    %pushi/vec4 0, 0, 1;
    %assign/vec4 v00000000012d1300_0, 0;
    %jmp T_16.3;
T_16.2 ;
    %load/vec4 v00000000012d11c0_0;
    %assign/vec4 v00000000012d1300_0, 0;
T_16.3 ;
T_16.1 ;
    %jmp T_16;
    .thread T_16;
    .scope S_00000000011be2c0;
T_17 ;
    %wait E_000000000123be10;
    %load/vec4 v00000000012d5030_0;
    %flag_set/vec4 8;
    %jmp/0xz  T_17.0, 8;
    %pushi/vec4 0, 0, 1;
    %assign/vec4 v00000000012d0fe0_0, 0;
    %jmp T_17.1;
T_17.0 ;
    %load/vec4 v00000000012d20c0_0;
    %flag_set/vec4 8;
    %jmp/0xz  T_17.2, 8;
    %load/vec4 v00000000012d6750_0;
    %parti/s 1, 1, 2;
    %flag_set/vec4 8;
    %jmp/0xz  T_17.4, 8;
    %load/vec4 v00000000012d5d50_0;
    %parti/s 1, 9, 5;
    %assign/vec4 v00000000012d0fe0_0, 0;
T_17.4 ;
    %jmp T_17.3;
T_17.2 ;
    %pushi/vec4 0, 0, 1;
    %assign/vec4 v00000000012d0fe0_0, 0;
T_17.3 ;
T_17.1 ;
    %jmp T_17;
    .thread T_17;
    .scope S_00000000011be2c0;
T_18 ;
    %wait E_000000000123be10;
    %load/vec4 v00000000012d5030_0;
    %flag_set/vec4 8;
    %jmp/0xz  T_18.0, 8;
    %pushi/vec4 0, 0, 32;
    %assign/vec4 v00000000012d1bc0_0, 0;
    %jmp T_18.1;
T_18.0 ;
    %load/vec4 v00000000012d1da0_0;
    %flag_set/vec4 8;
    %jmp/0xz  T_18.2, 8;
    %load/vec4 v00000000012d16c0_0;
    %dup/vec4;
    %pushi/vec4 0, 0, 32;
    %cmp/u;
    %jmp/1 T_18.4, 6;
    %dup/vec4;
    %pushi/vec4 4, 0, 32;
    %cmp/u;
    %jmp/1 T_18.5, 6;
    %dup/vec4;
    %pushi/vec4 8, 0, 32;
    %cmp/u;
    %jmp/1 T_18.6, 6;
    %pushi/vec4 0, 0, 32;
    %assign/vec4 v00000000012d1bc0_0, 0;
    %jmp T_18.8;
T_18.4 ;
    %load/vec4 v00000000012d2480_0;
    %assign/vec4 v00000000012d1bc0_0, 0;
    %jmp T_18.8;
T_18.5 ;
    %load/vec4 v00000000012d1a80_0;
    %assign/vec4 v00000000012d1bc0_0, 0;
    %jmp T_18.8;
T_18.6 ;
    %load/vec4 v00000000012d2160_0;
    %assign/vec4 v00000000012d1bc0_0, 0;
    %jmp T_18.8;
T_18.8 ;
    %pop/vec4 1;
    %jmp T_18.3;
T_18.2 ;
    %pushi/vec4 0, 0, 32;
    %assign/vec4 v00000000012d1bc0_0, 0;
T_18.3 ;
T_18.1 ;
    %jmp T_18;
    .thread T_18;
    .scope S_00000000011be2c0;
T_19 ;
    %wait E_000000000123be10;
    %load/vec4 v00000000012d5030_0;
    %flag_set/vec4 8;
    %jmp/0xz  T_19.0, 8;
    %pushi/vec4 0, 0, 1;
    %assign/vec4 v00000000012d6570_0, 0;
    %jmp T_19.1;
T_19.0 ;
    %load/vec4 v00000000012d1da0_0;
    %load/vec4 v00000000012d5cb0_0;
    %and;
    %flag_set/vec4 8;
    %jmp/0xz  T_19.2, 8;
    %pushi/vec4 0, 0, 1;
    %assign/vec4 v00000000012d6570_0, 0;
    %jmp T_19.3;
T_19.2 ;
    %load/vec4 v00000000012d1da0_0;
    %flag_set/vec4 8;
    %jmp/0xz  T_19.4, 8;
    %pushi/vec4 1, 0, 1;
    %assign/vec4 v00000000012d6570_0, 0;
T_19.4 ;
T_19.3 ;
T_19.1 ;
    %jmp T_19;
    .thread T_19;
    .scope S_00000000011ea950;
T_20 ;
    %vpi_call 10 23 "$dumpfile", "wave.vcd" {0 0 0};
    %vpi_call 10 24 "$dumpvars" {0 0 0};
    %end;
    .thread T_20;
    .scope S_00000000011ea950;
T_21 ;
    %wait E_000000000123be10;
    %load/vec4 v00000000012d55d0_0;
    %flag_set/vec4 8;
    %jmp/0xz  T_21.0, 8;
    %pushi/vec4 0, 0, 11;
    %assign/vec4 v00000000012d4db0_0, 0;
    %pushi/vec4 0, 0, 10;
    %assign/vec4 v00000000012d5ad0_0, 0;
    %jmp T_21.1;
T_21.0 ;
    %load/vec4 v00000000012d4db0_0;
    %parti/s 1, 10, 5;
    %load/vec4 v00000000012d5ad0_0;
    %or/r;
    %nor/r;
    %and;
    %flag_set/vec4 8;
    %jmp/0xz  T_21.2, 8;
    %pushi/vec4 1, 0, 1;
    %assign/vec4 v00000000012d64d0_0, 0;
    %jmp T_21.3;
T_21.2 ;
    %load/vec4 v00000000012d67f0_0;
    %load/vec4 v00000000012d64d0_0;
    %and;
    %flag_set/vec4 8;
    %jmp/0xz  T_21.4, 8;
    %pushi/vec4 0, 0, 1;
    %assign/vec4 v00000000012d64d0_0, 0;
T_21.4 ;
T_21.3 ;
    %load/vec4 v00000000012d64d0_0;
    %load/vec4 v00000000012d4db0_0;
    %parti/s 1, 10, 5;
    %or;
    %flag_set/vec4 8;
    %jmp/0xz  T_21.6, 8;
    %pushi/vec4 868, 0, 11;
    %assign/vec4 v00000000012d4db0_0, 0;
    %jmp T_21.7;
T_21.6 ;
    %load/vec4 v00000000012d4db0_0;
    %subi 1, 0, 11;
    %assign/vec4 v00000000012d4db0_0, 0;
T_21.7 ;
    %load/vec4 v00000000012d4db0_0;
    %parti/s 1, 10, 5;
    %flag_set/vec4 8;
    %jmp/0xz  T_21.8, 8;
    %pushi/vec4 0, 0, 1;
    %load/vec4 v00000000012d5ad0_0;
    %parti/s 9, 1, 2;
    %concat/vec4; draw_concat_vec4
    %assign/vec4 v00000000012d5ad0_0, 0;
    %jmp T_21.9;
T_21.8 ;
    %load/vec4 v00000000012d67f0_0;
    %load/vec4 v00000000012d64d0_0;
    %and;
    %flag_set/vec4 8;
    %jmp/0xz  T_21.10, 8;
    %pushi/vec4 1, 0, 1;
    %load/vec4 v00000000012d4bd0_0;
    %concat/vec4; draw_concat_vec4
    %concati/vec4 0, 0, 1;
    %assign/vec4 v00000000012d5ad0_0, 0;
T_21.10 ;
T_21.9 ;
T_21.1 ;
    %jmp T_21;
    .thread T_21;
    .scope S_00000000011be060;
T_22 ;
    %wait E_000000000123be10;
    %load/vec4 v00000000012d49f0_0;
    %assign/vec4 v00000000012d4950_0, 0;
    %jmp T_22;
    .thread T_22;
    .scope S_0000000001269a80;
T_23 ;
    %wait E_000000000123bb50;
    %pushi/vec4 0, 0, 32;
    %store/vec4 v00000000012d6070_0, 0, 32;
    %load/vec4 v00000000012d6930_0;
    %load/vec4 v00000000012d66b0_0;
    %concat/vec4; draw_concat_vec4
    %load/vec4 v00000000012d6390_0;
    %concat/vec4; draw_concat_vec4
    %dup/vec4;
    %pushi/vec4 1, 0, 3;
    %cmp/u;
    %jmp/1 T_23.0, 6;
    %dup/vec4;
    %pushi/vec4 2, 0, 3;
    %cmp/u;
    %jmp/1 T_23.1, 6;
    %dup/vec4;
    %pushi/vec4 4, 0, 3;
    %cmp/u;
    %jmp/1 T_23.2, 6;
    %jmp T_23.3;
T_23.0 ;
    %load/vec4 v00000000012d5850_0;
    %store/vec4 v00000000012d6070_0, 0, 32;
    %jmp T_23.3;
T_23.1 ;
    %load/vec4 v00000000012d5170_0;
    %store/vec4 v00000000012d6070_0, 0, 32;
    %jmp T_23.3;
T_23.2 ;
    %load/vec4 v00000000012d5490_0;
    %store/vec4 v00000000012d6070_0, 0, 32;
    %jmp T_23.3;
T_23.3 ;
    %pop/vec4 1;
    %jmp T_23;
    .thread T_23, $push;
    .scope S_0000000001164e90;
T_24 ;
    %delay 5, 0;
    %load/vec4 v00000000012d6b10_0;
    %inv;
    %store/vec4 v00000000012d6b10_0, 0, 1;
    %jmp T_24;
    .thread T_24;
    .scope S_0000000001164e90;
T_25 ;
    %vpi_call 2 17 "$dumpfile", "tb_processor.vcd" {0 0 0};
    %vpi_call 2 18 "$dumpvars", 32'sb00000000000000000000000000000000, S_0000000001164e90 {0 0 0};
    %end;
    .thread T_25;
    .scope S_0000000001164e90;
T_26 ;
    %delay 1, 0;
    %pushi/vec4 1, 1, 1;
    %assign/vec4 v00000000012d6bb0_0, 0;
    %pushi/vec4 1, 1, 1;
    %assign/vec4 v00000000012d6b10_0, 0;
    %delay 30, 0;
    %pushi/vec4 1, 0, 1;
    %assign/vec4 v00000000012d6bb0_0, 0;
    %delay 30, 0;
    %pushi/vec4 0, 0, 1;
    %assign/vec4 v00000000012d6bb0_0, 0;
    %pushi/vec4 0, 0, 1;
    %assign/vec4 v00000000012d6b10_0, 0;
    %pushi/vec4 5, 0, 32;
T_26.0 %dup/vec4;
    %pushi/vec4 0, 0, 32;
    %cmp/s;
    %jmp/1xz T_26.1, 5;
    %jmp/1 T_26.1, 4;
    %pushi/vec4 1, 0, 32;
    %sub;
    %wait E_000000000123be10;
    %jmp T_26.0;
T_26.1 ;
    %pop/vec4 1;
    %pushi/vec4 1, 0, 1;
    %assign/vec4 v00000000012d6bb0_0, 0;
    %wait E_000000000123be10;
    %pushi/vec4 20000, 0, 32;
T_26.2 %dup/vec4;
    %pushi/vec4 0, 0, 32;
    %cmp/s;
    %jmp/1xz T_26.3, 5;
    %jmp/1 T_26.3, 4;
    %pushi/vec4 1, 0, 32;
    %sub;
    %wait E_000000000123be10;
    %jmp T_26.2;
T_26.3 ;
    %pop/vec4 1;
    %vpi_call 2 29 "$finish", 32'sb00000000000000000000000000000010 {0 0 0};
    %end;
    .thread T_26;
# The file index is used to find the file name in the following table.
:file_names 11;
    "N/A";
    "<interactive>";
    "tb_processor.v";
    "src/top.v";
    "src/Memory.v";
    "src/device_select.v";
    "src/gpio_ip.v";
    "src/femtorv32_quark.v";
    "src/uart_ip.v";
    "src/regs_uart.v";
    "src/uart_tx.v";
